[backblue.gif]
[fade.gif]
[index.html]
[mychart.orlandohealth.com/MyChart/en-US/images/MyChart_city.png]
[mychart.orlandohealth.com/MyChart/favicon.ico]
[mychart.orlandohealth.com/MyChart/en-us/styles/common28d1.css]
[mychart.orlandohealth.com/MyChart/en-us/styles/prelogin32ba.css]
[mychart.orlandohealth.com/MyChart/en-us/styles/menu32ba.css]
[mychart.orlandohealth.com/MyChart/en-us/styles/component28d1.css]
[mychart.orlandohealth.com/MyChart/en-us/styles/colors28d1.css]
[mychart.orlandohealth.com/MyChart/en-us/styles/themes32ba.css]
[mychart.orlandohealth.com/MyChart/en-us/styles/calendars28d1.css]
[mychart.orlandohealth.com/MyChart/en-us/styles/mobile_responsivesite32ba.css]
[mychart.orlandohealth.com/MyChart/en-us/styles/goo-grid/goo-grid32ba.css]
[mychart.orlandohealth.com/MyChart/en-us/styles/mobile_gridadapter32ba.css]
[mychart.orlandohealth.com/MyChart/en-us/styles/print32ba.css]
[mychart.orlandohealth.com/MyChart/en-US/images/warning.png]
[mychart.orlandohealth.com/MyChart/scripts/external/jquery-2.2.2.mine101.js]
[mychart.orlandohealth.com/MyChart/scripts/utilities/jqwrappers.min90dc.js]
[mychart.orlandohealth.com/MyChart/scripts/utilities/jqueryextensions.min90dc.js]
[mychart.orlandohealth.com/MyChart/scripts/external/handlebars.runtime.min8a21.js]
[mychart.orlandohealth.com/MyChart/bundles/core-1-pre82b3]
[mychart.orlandohealth.com/MyChart/localization/formats181d]
[mychart.orlandohealth.com/MyChart/context/webserversettings5a2f]
[mychart.orlandohealth.com/MyChart/bundles/core-2-en-USfa91]
[mychart.orlandohealth.com/MyChart/mnemonics5a2f]
[mychart.orlandohealth.com/MyChart/bundles/core-3-en-US35a1]
[mychart.orlandohealth.com/MyChart/bundles/core-5-en-USb01c]
[mychart.orlandohealth.com/MyChart/areas/authentication/scripts/controllers/loginpagecontroller.min826e.js]
[mychart.orlandohealth.com/MyChart/Authentication/Login2d77.html]
[mychart.orlandohealth.com/MyChart/nojs.html]
[mychart.orlandohealth.com/MyChart/fonts/sourcesanspro-semibold-webfont.eot]
[mychart.orlandohealth.com/MyChart/fonts/sourcesanspro-semibold-webfont.woff2]
[mychart.orlandohealth.com/MyChart/fonts/sourcesanspro-semibold-webfont.woff]
[mychart.orlandohealth.com/MyChart/fonts/sourcesanspro-semibold-webfont.ttf]
[mychart.orlandohealth.com/MyChart/fonts/sourcesanspro-semiboldit-webfont.eot]
[mychart.orlandohealth.com/MyChart/fonts/sourcesanspro-semiboldit-webfont.woff2]
[mychart.orlandohealth.com/MyChart/fonts/sourcesanspro-semiboldit-webfont.woff]
[mychart.orlandohealth.com/MyChart/fonts/sourcesanspro-semiboldit-webfont.ttf]
[mychart.orlandohealth.com/MyChart/fonts/sourcesanspro-it-webfont.eot]
[mychart.orlandohealth.com/MyChart/fonts/sourcesanspro-it-webfont.woff2]
[mychart.orlandohealth.com/MyChart/fonts/sourcesanspro-it-webfont.woff]
[mychart.orlandohealth.com/MyChart/fonts/sourcesanspro-it-webfont.ttf]
[mychart.orlandohealth.com/MyChart/fonts/sourcesanspro-regular-webfont.eot]
[mychart.orlandohealth.com/MyChart/fonts/sourcesanspro-regular-webfont.woff2]
[mychart.orlandohealth.com/MyChart/fonts/sourcesanspro-regular-webfont.woff]
[mychart.orlandohealth.com/MyChart/fonts/sourcesanspro-regular-webfont.ttf]
[mychart.orlandohealth.com/MyChart/en-us/images/required_asterisk.png]
[mychart.orlandohealth.com/MyChart/en-us/images/item_restore.png]
[mychart.orlandohealth.com/MyChart/en-us/images/eraser.png]
[mychart.orlandohealth.com/MyChart/en-us/images/my1chartlogo.png]
[mychart.orlandohealth.com/MyChart/en-us/images/CareEverywhere-With-Arrow.png]
[mychart.orlandohealth.com/MyChart/en-us/images/ProxySilhouette.png]
[mychart.orlandohealth.com/MyChart/en-us/images/up_chevron.png]
[mychart.orlandohealth.com/MyChart/en-us/styles/common28d1.css]
[mychart.orlandohealth.com/MyChart/en-us/images/prelogin.jpg]
[mychart.orlandohealth.com/MyChart/en-us/images/prelogin_blurred.jpg]
[mychart.orlandohealth.com/MyChart/en-us/images/loginlogo.png]
[mychart.orlandohealth.com/MyChart/en-us/images/quicklinks/medical_advice.png]
[mychart.orlandohealth.com/MyChart/en-us/images/quicklinks/test_results.png]
[mychart.orlandohealth.com/MyChart/en-us/images/quicklinks/medications.png]
[mychart.orlandohealth.com/MyChart/en-us/images/quicklinks/appointments.png]
[mychart.orlandohealth.com/MyChart/en-us/styles/prelogin32ba.css]
[mychart.orlandohealth.com/MyChart/en-us/images/logo.png]
[mychart.orlandohealth.com/MyChart/en-us/images/menus/health.png]
[mychart.orlandohealth.com/MyChart/en-us/images/menus/visits.png]
[mychart.orlandohealth.com/MyChart/en-us/images/menus/messages.png]
[mychart.orlandohealth.com/MyChart/en-us/images/menus/billing.png]
[mychart.orlandohealth.com/MyChart/en-us/images/menus/resources.png]
[mychart.orlandohealth.com/MyChart/en-us/images/menus/profile.png]
[mychart.orlandohealth.com/MyChart/en-us/styles/menu32ba.css]
[mychart.orlandohealth.com/MyChart/en-us/images/background_blurred.jpg]
[mychart.orlandohealth.com/MyChart/en-us/images/notification.png]
[mychart.orlandohealth.com/MyChart/en-us/images/video_visit.png]
[mychart.orlandohealth.com/MyChart/en-us/images/logo_careeverywhere.png]
[mychart.orlandohealth.com/MyChart/en-us/images/devices.png]
[mychart.orlandohealth.com/MyChart/en-us/images/mobile_tile.png]
[mychart.orlandohealth.com/MyChart/en-us/images/loadingIndicators/externalloading_layer1.png]
[mychart.orlandohealth.com/MyChart/en-us/images/loadingIndicators/externalloading_layer2.png]
[mychart.orlandohealth.com/MyChart/en-us/images/loadingIndicators/externalloading_layer3.png]
[mychart.orlandohealth.com/MyChart/en-us/images/loadingIndicators/externalloading_layer4.png]
[mychart.orlandohealth.com/MyChart/en-us/images/loadingIndicators/loadingHeartBackground.png]
[mychart.orlandohealth.com/MyChart/en-us/images/loadingIndicators/loadingHeartPulse.png]
[mychart.orlandohealth.com/MyChart/en-us/images/yield_yellow.png]
[mychart.orlandohealth.com/MyChart/en-us/styles/component28d1.css]
[mychart.orlandohealth.com/MyChart/en-us/styles/colors28d1.css]
[mychart.orlandohealth.com/MyChart/en-us/styles/themes32ba.css]
[mychart.orlandohealth.com/MyChart/en-us/styles/externalcolors32ba.css]
[mychart.orlandohealth.com/MyChart/en-us/styles/calendars28d1.css]
[mychart.orlandohealth.com/MyChart/en-us/styles/highcontrast32ba.css]
[mychart.orlandohealth.com/MyChart/en-us/styles/mobile_responsivesite32ba.css]
[mychart.orlandohealth.com/MyChart/en-us/styles/goo-grid/goo-grid32ba.css]
[mychart.orlandohealth.com/MyChart/en-us/styles/mobile_gridadapter32ba.css]
[mychart.orlandohealth.com/MyChart/en-us/styles/override32ba.css]
[mychart.orlandohealth.com/MyChart/en-us/styles/print32ba.css]
[mychart.orlandohealth.com/MyChart/scripts/core/core.min90dc.js]
[mychart.orlandohealth.com/MyChart/scripts/utilities/utilities.minb6e6.js]
[mychart.orlandohealth.com/MyChart/en-us/scripts/commonutils.min834f.js]
[mychart.orlandohealth.com/MyChart/byeff86.html]
[mychart.orlandohealth.com/MyChart/index.html]
[mychart.orlandohealth.com/MyChart/en-us/styles/mobile_responsivemenu32ba.css]
[mychart.orlandohealth.com/MyChart/localization/formats332d]
[mychart.orlandohealth.com/MyChart/context/webserversettingsec73]
[mychart.orlandohealth.com/MyChart/mnemonicsec73]
[mychart.orlandohealth.com/MyChart/Help/Cookies.html]
[mychart.orlandohealth.com/MyChart/es-US/images/MyChart_city.png]
[mychart.orlandohealth.com/MyChart/es-us/styles/common4151.css]
[mychart.orlandohealth.com/MyChart/es-us/styles/prelogin4151.css]
[mychart.orlandohealth.com/MyChart/es-us/styles/menu4151.css]
[mychart.orlandohealth.com/MyChart/es-us/styles/component4151.css]
[mychart.orlandohealth.com/MyChart/es-us/styles/colors4151.css]
[mychart.orlandohealth.com/MyChart/es-us/styles/themes4151.css]
[mychart.orlandohealth.com/MyChart/es-us/styles/calendars32ba.css]
[mychart.orlandohealth.com/MyChart/es-us/styles/mobile_responsivesite4151.css]
[mychart.orlandohealth.com/MyChart/es-us/styles/goo-grid/goo-grid4151.css]
[mychart.orlandohealth.com/MyChart/es-US/images/warning.png]
[mychart.orlandohealth.com/MyChart/localization/formats6018]
[mychart.orlandohealth.com/MyChart/context/webserversettings7e73]
[mychart.orlandohealth.com/MyChart/bundles/core-2-es-US6c23]
[mychart.orlandohealth.com/MyChart/mnemonics7e73]
[mychart.orlandohealth.com/MyChart/bundles/core-3-es-USec53]
[mychart.orlandohealth.com/MyChart/bundles/core-5-es-US6c55]
[mychart.orlandohealth.com/MyChart/Authentication/Logina64f.html]
[mychart.orlandohealth.com/MyChart/scripts/ui_framework/core/common.minb6e6.js]
[mychart.orlandohealth.com/MyChart/scripts/helpers/svg/loadsvgiconhelpers.mind095.js]
[mychart.orlandohealth.com/MyChart/scripts/ui_framework/core/prelogin.minafe9.js]
[mychart.orlandohealth.com/MyChart/scripts/core/debug.min35bf.js]
[mychart.orlandohealth.com/MyChart/scripts/core/i18n.min03f3.js]
[mychart.orlandohealth.com/MyChart/localization/formats7ea9]
[mychart.orlandohealth.com/MyChart/scripts/wp.fdiutils.minfe74.js]
[mychart.orlandohealth.com/MyChart/scripts/core/pagestartup.min9c40.js]
[mychart.orlandohealth.com/MyChart/scripts/core/prelogin.minc329.js]
[mychart.orlandohealth.com/MyChart/scripts/utilities/communityutilities.minb6e6.js]
[mychart.orlandohealth.com/MyChart/scripts/utilities/simpletemplates.min1a20.js]
[mychart.orlandohealth.com/MyChart/scripts/core/strings.min3350.js]
[mychart.orlandohealth.com/MyChart/context/webserversettings6ff2]
[mychart.orlandohealth.com/MyChart/es-us/scripts/commonutils.min1961.js]
[mychart.orlandohealth.com/MyChart/mnemonicsc322]
[mychart.orlandohealth.com/MyChart/scripts/ui_framework/core/formvalidation.minaff2.js]
[mychart.orlandohealth.com/MyChart/es-us/scripts/intkeepalive.min1961.js]
[mychart.orlandohealth.com/MyChart/es-us/scripts/wp.events.min1961.js]
[mychart.orlandohealth.com/MyChart/es-us/scripts/dateformat.min1961.js]
[mychart.orlandohealth.com/MyChart/es-us/scripts/wp.comm.min1961.js]
[mychart.orlandohealth.com/MyChart/es-us/scripts/wp.utils.min1961.js]
[mychart.orlandohealth.com/MyChart/es-us/scripts/wp.telehealthutils.min1961.js]
[mychart.orlandohealth.com/MyChart/es-us/scripts/mychartjsstrings.mincd25.js]
[mychart.orlandohealth.com/MyChart/rulestring/strings4399]
[mychart.orlandohealth.com/MyChart/es-us/scripts/wp.dom.min1961.js]
[mychart.orlandohealth.com/MyChart/es-us/scripts/wp.controls.min1961.js]
[mychart.orlandohealth.com/MyChart/es-us/scripts/wp.controls.menu.min1961.js]
[mychart.orlandohealth.com/MyChart/es-us/scripts/effects.min1961.js]
[mychart.orlandohealth.com/MyChart/es-us/scripts/wp.strings.min1961.js]
[mychart.orlandohealth.com/MyChart/scripts/utilities/handlebarshelpers.minb6e6.js]
[mychart.orlandohealth.com/MyChart/scripts/utilities/behaviors.min2152.js]
[mychart.orlandohealth.com/MyChart/templates/loggingout.tmpl.min90dc.js]
[mychart.orlandohealth.com/MyChart/templates/buttonbar.tmpl.min92a0.js]
[mychart.orlandohealth.com/MyChart/templates/overlay.tmpl.min90dc.js]
[mychart.orlandohealth.com/MyChart/templates/loading.tmpl.min850a.js]
[mychart.orlandohealth.com/MyChart/templates/externaljump.tmpl.min850a.js]
[mychart.orlandohealth.com/MyChart/templates/scrollbarwidth.tmpl.min90dc.js]
[mychart.orlandohealth.com/MyChart/templates/externalorganizationdetails.tmpl.min53b4.js]
[mychart.orlandohealth.com/MyChart/templates/externalorganizationicon.tmpl.min53b4.js]
[mychart.orlandohealth.com/MyChart/templates/externalloadingindicator.tmpl.mindfd5.js]
[mychart.orlandohealth.com/MyChart/templates/ui/ajaxspinner.tmpl.min3289.js]
[mychart.orlandohealth.com/MyChart/templates/ui/zerostate.tmpl.mine880.js]
[mychart.orlandohealth.com/MyChart/scripts/controllers/controller.min90dc.js]
[mychart.orlandohealth.com/MyChart/scripts/components/component.min2152.js]
[mychart.orlandohealth.com/MyChart/templates/infoprelogin.tmpl.min4f69.js]
[mychart.orlandohealth.com/MyChart/scripts/components/viewcomponent.min90dc.js]
[mychart.orlandohealth.com/MyChart/scripts/components/vb6component.min0708.js]
[mychart.orlandohealth.com/MyChart/scripts/components/templatecomponent.min90dc.js]
[mychart.orlandohealth.com/MyChart/scripts/components/inlineloadingcomponent.min90dc.js]
[mychart.orlandohealth.com/MyChart/scripts/components/inlineloadingwithsourcescomponent.min299d.js]
[mychart.orlandohealth.com/MyChart/scripts/components/externaljumppopupcomponent.minb6e6.js]
[mychart.orlandohealth.com/MyChart/scripts/components/confirmcomponent.min90dc.js]
[mychart.orlandohealth.com/MyChart/scripts/containers/containercomponent.min90dc.js]
[mychart.orlandohealth.com/MyChart/scripts/containers/positions.mind095.js]
[mychart.orlandohealth.com/MyChart/scripts/containers/popup.min352e.js]
[mychart.orlandohealth.com/MyChart/scripts/containers/panel.min90dc.js]
[mychart.orlandohealth.com/MyChart/templates/calendar.tmpl.minc74b.js]
[mychart.orlandohealth.com/MyChart/scripts/components/calendar.min2152.js]
[mychart.orlandohealth.com/MyChart/scripts/containers/multimonthcalendar.minc74b.js]
[mychart.orlandohealth.com/MyChart/es-us/scripts/calendars.min1961.js]
[mychart.orlandohealth.com/MyChart/es-us/scripts/wp.validators.min1961.js]
[mychart.orlandohealth.com/MyChart/scripts/containers/htmltemplatecontainer.minc808.js]
[mychart.orlandohealth.com/MyChart/scripts/components/safetoredirectcomponent.min4769.js]
[mychart.orlandohealth.com/MyChart/scripts/components/timeoutwarningcomponent.min1ee4.js]
[mychart.orlandohealth.com/MyChart/scripts/components/loggingoutcomponent.min90dc.js]
[mychart.orlandohealth.com/MyChart/scripts/components/messagecomponent.min90dc.js]
[mychart.orlandohealth.com/MyChart/areas/analytics/scripts/models/viewevent.mince8f.js]
[mychart.orlandohealth.com/MyChart/areas/analytics/scripts/controllers/usagetrackingcontroller.min955f.js]
[mychart.orlandohealth.com/MyChart/scripts/controllers/ui/localeswitchercontroller.min44cd.js]
[mychart.orlandohealth.com/MyChart/es-us/scripts/signup_login.min1961.js]
[mychart.orlandohealth.com/MyChart/scripts/utilities/makevbpageresponsive.min90dc.js]
[mychart.orlandohealth.com/MyChart/es-US/Images/warning-2.png]
[mychart.orlandohealth.com/MyChart/en-US/images/badge_apple.png]
[mychart.orlandohealth.com/MyChart/en-US/images/badge_android.png]
[mychart.orlandohealth.com/MyChart/recoverlogin.html]
[mychart.orlandohealth.com/MyChart/localization/formats96cf]
[mychart.orlandohealth.com/MyChart/scripts/wp.fdiutils.min33a5.js]
[mychart.orlandohealth.com/MyChart/context/webserversettings72cc]
[mychart.orlandohealth.com/MyChart/mnemonicsf603]
[mychart.orlandohealth.com/MyChart/rulestring/stringsaa3e]
[mychart.orlandohealth.com/MyChart/passwordreseta5f8.html]
[mychart.orlandohealth.com/MyChart/localization/formats7b58]
[mychart.orlandohealth.com/MyChart/scripts/wp.fdiutils.min4234.js]
[mychart.orlandohealth.com/MyChart/context/webserversettingsf18e]
[mychart.orlandohealth.com/MyChart/mnemonics2312]
[mychart.orlandohealth.com/MyChart/rulestring/stringse2ba]
[mychart.orlandohealth.com/MyChart/accesscheck.html]
[mychart.orlandohealth.com/MyChart/templates/ui/subway.tmpl6046.js]
[mychart.orlandohealth.com/MyChart/templates/ui/subwaystop.tmpl2deb.js]
[mychart.orlandohealth.com/MyChart/templates/ui/subwayline.tmpl2deb.js]
[mychart.orlandohealth.com/MyChart/areas/billpay/templates/guestpay/guestpayfirststep.tmpldd84.js]
[mychart.orlandohealth.com/MyChart/areas/billpay/templates/guestpay/guestpaysigninprompt.tmpl8a21.js]
[mychart.orlandohealth.com/MyChart/areas/billpay/templates/guestpay/guestpaysignupprompt.tmpl8a21.js]
[mychart.orlandohealth.com/MyChart/areas/billpay/templates/guestpay/guestpayaccountlookup.tmpl26cf.js]
[mychart.orlandohealth.com/MyChart/areas/billpay/templates/guestpay/choosebillingsystem.tmpl0344.js]
[mychart.orlandohealth.com/MyChart/areas/payments/templates/paymentmethodentrystep.tmpl8584.js]
[mychart.orlandohealth.com/MyChart/areas/payments/templates/shared/storedpaymentmethodssection.tmpl7b37.js]
[mychart.orlandohealth.com/MyChart/areas/payments/templates/shared/editstoredpaymentmethodssection.tmpl92a0.js]
[mychart.orlandohealth.com/MyChart/areas/payments/templates/shared/externalpayment.tmpl8584.js]
[mychart.orlandohealth.com/MyChart/areas/payments/templates/shared/newpaymentmethodforms.tmpl7b37.js]
[mychart.orlandohealth.com/MyChart/areas/payments/templates/shared/creditcardformfields.tmpld480.js]
[mychart.orlandohealth.com/MyChart/areas/payments/templates/shared/bankaccountformfields.tmpl931e.js]
[mychart.orlandohealth.com/MyChart/areas/payments/templates/shared/editnicknamepopup.tmpl92a0.js]
[mychart.orlandohealth.com/MyChart/areas/payments/templates/shared/_paymentsteploading.tmpl8584.js]
[mychart.orlandohealth.com/MyChart/areas/billpay/templates/guestpay/guestpayverifystep.tmpl8584.js]
[mychart.orlandohealth.com/MyChart/areas/billpay/templates/shared/verifysingleaccountpayment.tmpl4d90.js]
[mychart.orlandohealth.com/MyChart/areas/billpay/templates/shared/verifypaymentmethod.tmplc34a.js]
[mychart.orlandohealth.com/MyChart/areas/billpay/templates/shared/verifycreditcardextrainfo.tmplc34a.js]
[mychart.orlandohealth.com/MyChart/areas/billpay/templates/shared/verifybankaccountextrainfo.tmplc34a.js]
[mychart.orlandohealth.com/MyChart/areas/billing/templates/paymentamount/selector.tmpl6eb3.js]
[mychart.orlandohealth.com/MyChart/scripts/common/viewbinder.min1ec9.js]
[mychart.orlandohealth.com/MyChart/scripts/common/selectableviewbinder.mind4ee.js]
[mychart.orlandohealth.com/MyChart/scripts/common/expandablelistviewbinder.min90dc.js]
[mychart.orlandohealth.com/MyChart/scripts/models/ui/subwaystop.min2deb.js]
[mychart.orlandohealth.com/MyChart/areas/payments/scripts/models/paymentdetails.min90dc.js]
[mychart.orlandohealth.com/MyChart/areas/payments/scripts/models/paymentpostingdata.min4410.js]
[mychart.orlandohealth.com/MyChart/areas/payments/scripts/models/paymentmethod.min90dc.js]
[mychart.orlandohealth.com/MyChart/areas/payments/scripts/models/paymentdatapool.min90dc.js]
[mychart.orlandohealth.com/MyChart/scripts/controllers/ui/subwayworkflowcontroller.min30f1.js]
[mychart.orlandohealth.com/MyChart/scripts/controllers/ui/subwaystopcontroller.min90dc.js]
[mychart.orlandohealth.com/MyChart/areas/billpay/scripts/controllers/guestpayworkflowcontroller.min8584.js]
[mychart.orlandohealth.com/MyChart/areas/billpay/scripts/controllers/guestpayfirststepcontroller.min44cd.js]
[mychart.orlandohealth.com/MyChart/areas/payments/scripts/controllers/paymentmethodentrystepcontroller.min3f26.js]
[mychart.orlandohealth.com/MyChart/areas/billpay/scripts/controllers/guestpayverifystepcontroller.min90dc.js]
[mychart.orlandohealth.com/MyChart/areas/billing/scripts/controllers/paymentamountcontroller.min6eb3.js]
[mychart.orlandohealth.com/MyChart/areas/payments/scripts/editnicknamepopup.min90dc.js]
[mychart.orlandohealth.com/MyChart/areas/payments/scripts/helpers/billinghelpers.minbf84.js]
[mychart.orlandohealth.com/MyChart/areas/payments/scripts/helpers/paymentformvalidationhelpers.min90dc.js]
[mychart.orlandohealth.com/MyChart/areas/payments/scripts/helpers/paymentdatapoolhelpers.min3f26.js]
[mychart.orlandohealth.com/MyChart/areas/payments/scripts/helpers/paymentmethodentryhelpers.min3f26.js]
[mychart.orlandohealth.com/MyChart/areas/payments/scripts/models/creditcardbrand.min90dc.js]
[mychart.orlandohealth.com/MyChart/scripts/ui_framework/support/cards.min90dc.js]
[mychart.orlandohealth.com/MyChart/templates/ui/captcha.tmplf3f0.js]
[mychart.orlandohealth.com/MyChart/scripts/models/captcha/googlerecaptchav2.min826e.js]
[www.google.com/recaptcha/apiaa86.js]
[mychart.orlandohealth.com/MyChart/scripts/common/hoverviewbinder.mine2fa.js]
[mychart.orlandohealth.com/MyChart/scripts/models/ui/infobubble.min154a.js]
[mychart.orlandohealth.com/MyChart/templates/ui/infobubble.tmpl97d0.js]
[mychart.orlandohealth.com/MyChart/Billing/GuestPay/PayasGuest.html]
[mychart.orlandohealth.com/MyChart/Authentication/Logina21a.html]
[mychart.orlandohealth.com/MyChart/en-US/favicon.html]
[mychart.orlandohealth.com/MyChart/Help/JavaScript.html]
[mychart.orlandohealth.com/MyChart/fonts/sourcesanspro-semibold-webfont.svg]
[mychart.orlandohealth.com/MyChart/fonts/sourcesanspro-semiboldit-webfont.svg]
[mychart.orlandohealth.com/MyChart/fonts/sourcesanspro-it-webfont.svg]
[mychart.orlandohealth.com/MyChart/fonts/sourcesanspro-regular-webfont.svg]
[mychart.orlandohealth.com/MyChart/en-us/images/checkmark_large.svg]
[mychart.orlandohealth.com/MyChart/en-us/images/up_chevron_blue.svg]
[mychart.orlandohealth.com/MyChart/en-us/images/down_chevron_blue.svg]
[mychart.orlandohealth.com/MyChart/en-us/images/circle_check_icon.svg]
[mychart.orlandohealth.com/MyChart/en-us/images/information_outline_icon.svg]
[mychart.orlandohealth.com/MyChart/en-us/images/information_gray_icon.svg]
[mychart.orlandohealth.com/MyChart/en-us/images/circle_error_icon.svg]
[mychart.orlandohealth.com/MyChart/en-us/images/widget_open_blue.svg]
[mychart.orlandohealth.com/MyChart/en-us/images/data_loading_error.svg]
[mychart.orlandohealth.com/MyChart/en-us/images/external_org_link.html]
[mychart.orlandohealth.com/MyChart/Authentication/Logind41d.html]
[mychart.orlandohealth.com/MyChart/en-us/styles/mobile_responsivemenu32ba.css]
[mychart.orlandohealth.com/MyChart/es-us/images/required_asterisk.png]
[mychart.orlandohealth.com/MyChart/es-us/images/item_restore.png]
[mychart.orlandohealth.com/MyChart/es-us/images/eraser.png]
[mychart.orlandohealth.com/MyChart/es-us/images/my1chartlogo.png]
[mychart.orlandohealth.com/MyChart/es-us/images/CareEverywhere-With-Arrow.png]
[mychart.orlandohealth.com/MyChart/es-us/images/ProxySilhouette.png]
[mychart.orlandohealth.com/MyChart/es-us/images/up_chevron.png]
[mychart.orlandohealth.com/MyChart/es-us/styles/common4151.css]
[mychart.orlandohealth.com/MyChart/es-us/images/prelogin.jpg]
[mychart.orlandohealth.com/MyChart/es-us/images/prelogin_blurred.jpg]
[mychart.orlandohealth.com/MyChart/es-us/images/loginlogo.png]
[mychart.orlandohealth.com/MyChart/es-us/images/quicklinks/medical_advice.png]
[mychart.orlandohealth.com/MyChart/es-us/images/quicklinks/test_results.png]
[mychart.orlandohealth.com/MyChart/es-us/images/quicklinks/medications.png]
[mychart.orlandohealth.com/MyChart/es-us/images/quicklinks/appointments.png]
[mychart.orlandohealth.com/MyChart/es-us/styles/prelogin4151.css]
[mychart.orlandohealth.com/MyChart/es-us/images/logo.png]
[mychart.orlandohealth.com/MyChart/es-us/images/menus/health.png]
[mychart.orlandohealth.com/MyChart/es-us/images/menus/visits.png]
[mychart.orlandohealth.com/MyChart/es-us/images/menus/messages.png]
[mychart.orlandohealth.com/MyChart/es-us/images/menus/billing.png]
[mychart.orlandohealth.com/MyChart/es-us/images/menus/resources.png]
[mychart.orlandohealth.com/MyChart/es-us/images/menus/profile.png]
[mychart.orlandohealth.com/MyChart/es-us/styles/menu4151.css]
[mychart.orlandohealth.com/MyChart/es-us/images/background_blurred.jpg]
[mychart.orlandohealth.com/MyChart/es-us/images/notification.png]
[mychart.orlandohealth.com/MyChart/es-us/images/video_visit.png]
[mychart.orlandohealth.com/MyChart/es-us/images/logo_careeverywhere.png]
[mychart.orlandohealth.com/MyChart/es-us/images/devices.png]
[mychart.orlandohealth.com/MyChart/es-us/images/mobile_tile.png]
[mychart.orlandohealth.com/MyChart/es-us/images/loadingIndicators/externalloading_layer1.png]
[mychart.orlandohealth.com/MyChart/es-us/images/loadingIndicators/externalloading_layer2.png]
[mychart.orlandohealth.com/MyChart/es-us/images/loadingIndicators/externalloading_layer3.png]
[mychart.orlandohealth.com/MyChart/es-us/images/loadingIndicators/externalloading_layer4.png]
[mychart.orlandohealth.com/MyChart/es-us/images/loadingIndicators/loadingHeartBackground.png]
[mychart.orlandohealth.com/MyChart/es-us/images/loadingIndicators/loadingHeartPulse.png]
[mychart.orlandohealth.com/MyChart/es-us/images/yield_yellow.png]
[mychart.orlandohealth.com/MyChart/es-us/styles/component4151.css]
[mychart.orlandohealth.com/MyChart/es-us/styles/colors4151.css]
[mychart.orlandohealth.com/MyChart/es-us/styles/themes4151.css]
[mychart.orlandohealth.com/MyChart/es-us/styles/externalcolors4151.css]
[mychart.orlandohealth.com/MyChart/es-us/styles/calendars32ba.css]
[mychart.orlandohealth.com/MyChart/es-us/styles/highcontrast4151.css]
[mychart.orlandohealth.com/MyChart/es-us/styles/mobile_responsivesite4151.css]
[mychart.orlandohealth.com/MyChart/es-us/styles/goo-grid/goo-grid4151.css]
[mychart.orlandohealth.com/MyChart/es-us/styles/mobile_gridadapter4151.css]
[mychart.orlandohealth.com/MyChart/es-us/styles/override4151.css]
[mychart.orlandohealth.com/MyChart/es-us/styles/print4151.css]
[mychart.orlandohealth.com/MyChart/localization/formats9d73]
[mychart.orlandohealth.com/MyChart/context/webserversettings4d9b]
[mychart.orlandohealth.com/MyChart/mnemonics4d9b]
[mychart.orlandohealth.com/MyChart/Authentication/Login4603.html]
[mychart.orlandohealth.com/MyChart/es-us/images/authentication/email_toggled_green.png]
[mychart.orlandohealth.com/MyChart/es-us/images/authentication/text_toggled_green.png]
[mychart.orlandohealth.com/MyChart/es-us/styles/authentication32ba.css]
[mychart.orlandohealth.com/MyChart/localization/formats4898]
[mychart.orlandohealth.com/MyChart/scripts/wp.fdiutils.mina16c.js]
[mychart.orlandohealth.com/MyChart/context/webserversettings60cc]
[mychart.orlandohealth.com/MyChart/mnemonics8cd0]
[mychart.orlandohealth.com/MyChart/en-us/scripts/intkeepalive.min834f.js]
[mychart.orlandohealth.com/MyChart/en-us/scripts/wp.events.min834f.js]
[mychart.orlandohealth.com/MyChart/en-us/scripts/dateformat.min834f.js]
[mychart.orlandohealth.com/MyChart/en-us/scripts/wp.comm.min834f.js]
[mychart.orlandohealth.com/MyChart/en-us/scripts/wp.utils.min834f.js]
[mychart.orlandohealth.com/MyChart/en-us/scripts/wp.telehealthutils.min834f.js]
[mychart.orlandohealth.com/MyChart/en-us/scripts/mychartjsstrings.minc57b.js]
[mychart.orlandohealth.com/MyChart/rulestring/stringsa8d8]
[mychart.orlandohealth.com/MyChart/en-us/scripts/wp.dom.min834f.js]
[mychart.orlandohealth.com/MyChart/en-us/scripts/wp.controls.min834f.js]
[mychart.orlandohealth.com/MyChart/en-us/scripts/wp.controls.menu.min834f.js]
[mychart.orlandohealth.com/MyChart/en-us/scripts/effects.min834f.js]
[mychart.orlandohealth.com/MyChart/en-us/scripts/wp.strings.min834f.js]
[mychart.orlandohealth.com/MyChart/en-us/scripts/calendars.min834f.js]
[mychart.orlandohealth.com/MyChart/en-us/scripts/wp.validators.min834f.js]
[mychart.orlandohealth.com/MyChart/en-us/scripts/signup_login.min834f.js]
[mychart.orlandohealth.com/MyChart/en-us/styles/authentication28d1.css]
[mychart.orlandohealth.com/MyChart/en-US/Images/warning-2.png]
[mychart.orlandohealth.com/MyChart/recoverlogin1d29.html]
[mychart.orlandohealth.com/MyChart/en-us/styles/cards28d1.css]
[mychart.orlandohealth.com/MyChart/en-us/styles/tables32ba.css]
[mychart.orlandohealth.com/MyChart/Content/images/thirdparty_hdrexperian.png]
[mychart.orlandohealth.com/MyChart/areas/internationalization/scripts/shared/addressformcomponent.min6adf.js]
[mychart.orlandohealth.com/MyChart/areas/demographics/scripts/shared/demographicsformcomponent.minefbc.js]
[mychart.orlandohealth.com/MyChart/areas/thirdpartyverification/templates/shared/thirdpartyquestionform.tmplf3f0.js]
[mychart.orlandohealth.com/MyChart/areas/demographics/templates/baseaddress.tmpl4d90.js]
[mychart.orlandohealth.com/MyChart/areas/signup/templates/signuppopup.tmplab9a.js]
[mychart.orlandohealth.com/MyChart/areas/demographics/scripts/controllers/addresscontroller.mine90b.js]
[mychart.orlandohealth.com/MyChart/areas/thirdpartyverification/scripts/shared/thirdpartyverificationcomponent.minc329.js]
[mychart.orlandohealth.com/MyChart/areas/signup/scripts/shared/signupdemographicsformcomponent.minefbc.js]
[mychart.orlandohealth.com/MyChart/areas/signup/scripts/standalone/signupcontroller.mine870.js]
[mychart.orlandohealth.com/MyChart/areas/signup/scripts/shared/signuppopupcomponent.minab9a.js]
[www.google.com/recaptcha/api8a74.js]
[mychart.orlandohealth.com/MyChart/Signup.html]
[mychart.orlandohealth.com/MyChart/Authentication/Login8869.html]
[mychart.orlandohealth.com/MyChart/Authentication/Login66b2.html]
[mychart.orlandohealth.com/MyChart/Authentication/Login4080.html]
[mychart.orlandohealth.com/MyChart/localization/formats5da4]
[mychart.orlandohealth.com/MyChart/scripts/wp.fdiutils.min71ef.js]
[mychart.orlandohealth.com/MyChart/context/webserversettings194e]
[mychart.orlandohealth.com/MyChart/mnemonics150e]
[mychart.orlandohealth.com/MyChart/rulestring/strings5986]
[mychart.orlandohealth.com/MyChart/passwordreset356c.html]
[mychart.orlandohealth.com/MyChart/localization/formats57bb]
[mychart.orlandohealth.com/MyChart/scripts/wp.fdiutils.min819f.js]
[mychart.orlandohealth.com/MyChart/context/webserversettingse65b]
[mychart.orlandohealth.com/MyChart/mnemonics7c31]
[mychart.orlandohealth.com/MyChart/rulestring/strings7bf8]
[mychart.orlandohealth.com/MyChart/accesscheck1d29.html]
[mychart.orlandohealth.com/MyChart/es-us/styles/billing32ba.css]
[mychart.orlandohealth.com/MyChart/es-us/styles/externalpayment4151.css]
[mychart.orlandohealth.com/MyChart/es-us/styles/payment4151.css]
[mychart.orlandohealth.com/MyChart/es-us/images/info.png]
[mychart.orlandohealth.com/MyChart/es-us/styles/cards32ba.css]
[mychart.orlandohealth.com/MyChart/Billing/GuestPay/PayasGuest1d29.html]
[mychart.orlandohealth.com/MyChart/Authentication/Login5f7f.html]
[mychart.orlandohealth.com/MyChart/es-us/styles/mobile_responsivemenu4151.css]
[mychart.orlandohealth.com/MyChart/Authentication/Login1d29.html]
[mychart.orlandohealth.com/MyChart/es-us/images/checkmark_large.svg]
[mychart.orlandohealth.com/MyChart/es-us/images/up_chevron_blue.svg]
[mychart.orlandohealth.com/MyChart/es-us/images/down_chevron_blue.svg]
[mychart.orlandohealth.com/MyChart/es-us/images/circle_check_icon.svg]
[mychart.orlandohealth.com/MyChart/es-us/images/information_outline_icon.svg]
[mychart.orlandohealth.com/MyChart/es-us/images/information_gray_icon.svg]
[mychart.orlandohealth.com/MyChart/es-us/images/circle_error_icon.svg]
[mychart.orlandohealth.com/MyChart/es-us/images/widget_open_blue.svg]
[mychart.orlandohealth.com/MyChart/es-us/images/data_loading_error.svg]
[mychart.orlandohealth.com/MyChart/es-us/images/external_org_link.html]
[mychart.orlandohealth.com/MyChart/es-us/images/authentication/email_toggled_blue.svg]
[mychart.orlandohealth.com/MyChart/es-us/images/authentication/text_toggled_blue.svg]
[mychart.orlandohealth.com/MyChart/en-us/images/authentication/email_toggled_green.png]
[mychart.orlandohealth.com/MyChart/en-us/images/authentication/text_toggled_green.png]
[mychart.orlandohealth.com/MyChart/en-us/styles/authentication28d1.css]
[mychart.orlandohealth.com/MyChart/localization/formatsc8a4]
[mychart.orlandohealth.com/MyChart/scripts/wp.fdiutils.min7266.js]
[mychart.orlandohealth.com/MyChart/context/webserversettings7266]
[mychart.orlandohealth.com/MyChart/mnemonics6ac1]
[mychart.orlandohealth.com/MyChart/rulestring/stringsc9ab]
[mychart.orlandohealth.com/MyChart/recoverlogind896.html]
[mychart.orlandohealth.com/MyChart/Content/images/signup_mailcode.png]
[mychart.orlandohealth.com/MyChart/Content/images/signup_QandA.png]
[mychart.orlandohealth.com/MyChart/Content/images/thirdparty_bgquestion.png]
[mychart.orlandohealth.com/MyChart/Content/images/thirdparty_bganswers.png]
[mychart.orlandohealth.com/MyChart/Content/images/thirdparty_btnnext.png]
[mychart.orlandohealth.com/MyChart/Content/images/spinner_barbershop.gif]
[mychart.orlandohealth.com/MyChart/Content/images/confirm_mail.png]
[mychart.orlandohealth.com/MyChart/Content/SignupArea.css]
[mychart.orlandohealth.com/MyChart/en-us/images/info.png]
[mychart.orlandohealth.com/MyChart/en-us/styles/cards28d1.css]
[mychart.orlandohealth.com/MyChart/en-us/styles/tables32ba.css]
[mychart.orlandohealth.com/MyChart/en-us/styles/baseaddress28d1.css]
[mychart.orlandohealth.com/MyChart/en-us/images/sidearrows.png]
[mychart.orlandohealth.com/MyChart/en-us/styles/subway32ba.css]
[mychart.orlandohealth.com/MyChart/localization/formatsc547]
[mychart.orlandohealth.com/MyChart/Signupd896.html]
[mychart.orlandohealth.com/MyChart/Authentication/Logince6a.html]
[mychart.orlandohealth.com/MyChart/Authentication/Login1a54.html]
[mychart.orlandohealth.com/MyChart/Authentication/Login83fc.html]
[mychart.orlandohealth.com/MyChart/localization/formats616f]
[mychart.orlandohealth.com/MyChart/scripts/wp.fdiutils.min9073.js]
[mychart.orlandohealth.com/MyChart/context/webserversettings3136]
[mychart.orlandohealth.com/MyChart/mnemonics2a1a]
[mychart.orlandohealth.com/MyChart/rulestring/strings6082]
[mychart.orlandohealth.com/MyChart/passwordreset092b.html]
[mychart.orlandohealth.com/MyChart/localization/formats996e]
[mychart.orlandohealth.com/MyChart/scripts/wp.fdiutils.mind3c3.js]
[mychart.orlandohealth.com/MyChart/context/webserversettings776a]
[mychart.orlandohealth.com/MyChart/mnemonicsb16e]
[mychart.orlandohealth.com/MyChart/rulestring/stringsb4a2]
[mychart.orlandohealth.com/MyChart/accesscheckd896.html]
[mychart.orlandohealth.com/MyChart/es-us/images/billing/account_details/statement_unread.svg]
[mychart.orlandohealth.com/MyChart/es-us/images/billing/account_details/statement_read.svg]
[mychart.orlandohealth.com/MyChart/es-us/images/payplanauto_normal.svg]
[mychart.orlandohealth.com/MyChart/es-us/images/success.svg]
[mychart.orlandohealth.com/MyChart/en-us/styles/billing28d1.css]
[mychart.orlandohealth.com/MyChart/en-us/styles/externalpayment32ba.css]
[mychart.orlandohealth.com/MyChart/en-us/styles/payment32ba.css]
[mychart.orlandohealth.com/MyChart/Billing/GuestPay/PayasGuestd896.html]
[mychart.orlandohealth.com/MyChart/Authentication/Login651f.html]
[mychart.orlandohealth.com/MyChart/Authentication/Logind896.html]
[mychart.orlandohealth.com/MyChart/en-us/images/authentication/email_toggled_blue.svg]
[mychart.orlandohealth.com/MyChart/en-us/images/authentication/text_toggled_blue.svg]
[mychart.orlandohealth.com/MyChart/en-us/images/success.svg]
[mychart.orlandohealth.com/MyChart/es-us/styles/tables4151.css]
[mychart.orlandohealth.com/MyChart/es-us/styles/baseaddress32ba.css]
[mychart.orlandohealth.com/MyChart/es-us/images/sidearrows.png]
[mychart.orlandohealth.com/MyChart/es-us/styles/subway4151.css]
[mychart.orlandohealth.com/MyChart/localization/formats824c]
[mychart.orlandohealth.com/MyChart/context/webserversettings898e]
[mychart.orlandohealth.com/MyChart/mnemonics898e]
[mychart.orlandohealth.com/MyChart/Signup1d29.html]
[mychart.orlandohealth.com/MyChart/Authentication/Loginf72b.html]
[mychart.orlandohealth.com/MyChart/Authentication/Loginaba6.html]
[mychart.orlandohealth.com/MyChart/Authentication/Login10b0.html]
[mychart.orlandohealth.com/MyChart/localization/formats8d04]
[mychart.orlandohealth.com/MyChart/scripts/wp.fdiutils.min4c82.js]
[mychart.orlandohealth.com/MyChart/context/webserversettings5a2a]
[mychart.orlandohealth.com/MyChart/mnemonicsffdc]
[mychart.orlandohealth.com/MyChart/rulestring/strings54a3]
[mychart.orlandohealth.com/MyChart/passwordreset17e2.html]
[mychart.orlandohealth.com/MyChart/en-us/images/billing/account_details/statement_unread.svg]
[mychart.orlandohealth.com/MyChart/en-us/images/billing/account_details/statement_read.svg]
[mychart.orlandohealth.com/MyChart/en-us/images/payplanauto_normal.svg]
[mychart.orlandohealth.com/MyChart/localization/formatsefdd]
[mychart.orlandohealth.com/MyChart/scripts/wp.fdiutils.min4941.js]
[mychart.orlandohealth.com/MyChart/context/webserversettingsbbd5]
[mychart.orlandohealth.com/MyChart/mnemonicscc62]
[mychart.orlandohealth.com/MyChart/rulestring/stringsea55]
[mychart.orlandohealth.com/MyChart/passwordresetd494.html]
[mychart.orlandohealth.com/MyChart/localization/formatsa2f3]
[mychart.orlandohealth.com/MyChart/scripts/wp.fdiutils.minc8bb.js]
[mychart.orlandohealth.com/MyChart/context/webserversettings1f02]
[mychart.orlandohealth.com/MyChart/mnemonicsa1fa]
[mychart.orlandohealth.com/MyChart/rulestring/stringsed8e]
[mychart.orlandohealth.com/MyChart/passwordresetab34.html]
[mychart.orlandohealth.com/MyChart/localization/formats409e]
[mychart.orlandohealth.com/MyChart/scripts/wp.fdiutils.minf207.js]
[mychart.orlandohealth.com/MyChart/context/webserversettings5a5f]
[mychart.orlandohealth.com/MyChart/mnemonics0818]
[mychart.orlandohealth.com/MyChart/rulestring/strings9090]
[mychart.orlandohealth.com/MyChart/passwordreseta868.html]
[mychart.orlandohealth.com/MyChart/localization/formats3f47]
[mychart.orlandohealth.com/MyChart/scripts/wp.fdiutils.mind548.js]
[mychart.orlandohealth.com/MyChart/context/webserversettings0ea3]
[mychart.orlandohealth.com/MyChart/mnemonicsa13e]
[mychart.orlandohealth.com/MyChart/rulestring/stringsd64d]
[mychart.orlandohealth.com/MyChart/passwordresete5b3.html]
[mychart.orlandohealth.com/MyChart/localization/formatsd58e]
[mychart.orlandohealth.com/MyChart/scripts/wp.fdiutils.min149b.js]
[mychart.orlandohealth.com/MyChart/context/webserversettingsa2da]
[mychart.orlandohealth.com/MyChart/mnemonics194d]
[mychart.orlandohealth.com/MyChart/rulestring/stringsecd6]
[mychart.orlandohealth.com/MyChart/passwordreset995a.html]
[mychart.orlandohealth.com/MyChart/localization/formatsb938]
[mychart.orlandohealth.com/MyChart/scripts/wp.fdiutils.min9892.js]
[mychart.orlandohealth.com/MyChart/context/webserversettings9ca0]
[mychart.orlandohealth.com/MyChart/mnemonicsc4d9]
[mychart.orlandohealth.com/MyChart/rulestring/strings779b]
[mychart.orlandohealth.com/MyChart/passwordreset0a77.html]
[mychart.orlandohealth.com/MyChart/localization/formatsd279]
[mychart.orlandohealth.com/MyChart/scripts/wp.fdiutils.min9a15.js]
[mychart.orlandohealth.com/MyChart/context/webserversettings02a3]
[mychart.orlandohealth.com/MyChart/mnemonicsfcde]
[mychart.orlandohealth.com/MyChart/rulestring/strings95e5]
[mychart.orlandohealth.com/MyChart/passwordreset2536.html]
[mychart.orlandohealth.com/MyChart/localization/formats809b]
[mychart.orlandohealth.com/MyChart/scripts/wp.fdiutils.min65e4.js]
[mychart.orlandohealth.com/MyChart/context/webserversettingsd5a9]
[mychart.orlandohealth.com/MyChart/mnemonicsd909]
[mychart.orlandohealth.com/MyChart/rulestring/stringsb9f2]
[mychart.orlandohealth.com/MyChart/passwordresete325.html]
[mychart.orlandohealth.com/MyChart/localization/formatse57f]
[mychart.orlandohealth.com/MyChart/scripts/wp.fdiutils.min427e.js]
[mychart.orlandohealth.com/MyChart/context/webserversettings290e]
[mychart.orlandohealth.com/MyChart/mnemonics05d5]
[mychart.orlandohealth.com/MyChart/rulestring/strings9907]
[mychart.orlandohealth.com/MyChart/passwordreset79a2.html]
[mychart.orlandohealth.com/MyChart/localization/formats8901]
[mychart.orlandohealth.com/MyChart/scripts/wp.fdiutils.min0edd.js]
[mychart.orlandohealth.com/MyChart/context/webserversettings7617]
[mychart.orlandohealth.com/MyChart/mnemonicscca9]
[mychart.orlandohealth.com/MyChart/rulestring/strings71f0]
[mychart.orlandohealth.com/MyChart/passwordreset30bc.html]
[mychart.orlandohealth.com/MyChart/localization/formats4afa]
[mychart.orlandohealth.com/MyChart/scripts/wp.fdiutils.mina09d.js]
[mychart.orlandohealth.com/MyChart/context/webserversettings4fb9]
[mychart.orlandohealth.com/MyChart/mnemonicsfb89]
[mychart.orlandohealth.com/MyChart/rulestring/strings871a]
[mychart.orlandohealth.com/MyChart/passwordresete52d.html]
[mychart.orlandohealth.com/MyChart/localization/formats46ee]
[mychart.orlandohealth.com/MyChart/scripts/wp.fdiutils.min3bf0.js]
[mychart.orlandohealth.com/MyChart/context/webserversettings9643]
[mychart.orlandohealth.com/MyChart/mnemonicsd7f1]
[mychart.orlandohealth.com/MyChart/rulestring/stringsde08]
[mychart.orlandohealth.com/MyChart/passwordreset517e.html]
[mychart.orlandohealth.com/MyChart/localization/formats479d]
[mychart.orlandohealth.com/MyChart/scripts/wp.fdiutils.min2b7c.js]
[mychart.orlandohealth.com/MyChart/context/webserversettingsefee]
[mychart.orlandohealth.com/MyChart/mnemonicse413]
[mychart.orlandohealth.com/MyChart/rulestring/strings484e]
[mychart.orlandohealth.com/MyChart/passwordreset203f.html]
[mychart.orlandohealth.com/MyChart/localization/formats2295]
[mychart.orlandohealth.com/MyChart/scripts/wp.fdiutils.min1ac9.js]
[mychart.orlandohealth.com/MyChart/context/webserversettingsb78c]
[mychart.orlandohealth.com/MyChart/mnemonicsc63d]
[mychart.orlandohealth.com/MyChart/rulestring/stringsca3c]
[mychart.orlandohealth.com/MyChart/passwordresetc328.html]
[mychart.orlandohealth.com/MyChart/localization/formats7b8e]
[mychart.orlandohealth.com/MyChart/scripts/wp.fdiutils.min25bc.js]
[mychart.orlandohealth.com/MyChart/context/webserversettings84ea]
[mychart.orlandohealth.com/MyChart/mnemonicse048]
[mychart.orlandohealth.com/MyChart/rulestring/strings0f4b]
[mychart.orlandohealth.com/MyChart/passwordreset7a3f.html]
[mychart.orlandohealth.com/MyChart/localization/formats1725]
[mychart.orlandohealth.com/MyChart/scripts/wp.fdiutils.min5fcd.js]
[mychart.orlandohealth.com/MyChart/context/webserversettingsbd86]
[mychart.orlandohealth.com/MyChart/mnemonics14ea]
[mychart.orlandohealth.com/MyChart/rulestring/stringsb22d]
[mychart.orlandohealth.com/MyChart/passwordreset770d.html]
[mychart.orlandohealth.com/MyChart/localization/formatsab33]
[mychart.orlandohealth.com/MyChart/scripts/wp.fdiutils.min9cb9.js]
[mychart.orlandohealth.com/MyChart/context/webserversettings485a]
[mychart.orlandohealth.com/MyChart/mnemonicsab9f]
[mychart.orlandohealth.com/MyChart/rulestring/strings38cf]
[mychart.orlandohealth.com/MyChart/passwordresetc650.html]
[mychart.orlandohealth.com/MyChart/localization/formats1292]
[mychart.orlandohealth.com/MyChart/scripts/wp.fdiutils.min1cdd.js]
[mychart.orlandohealth.com/MyChart/context/webserversettings7cd5]
[mychart.orlandohealth.com/MyChart/mnemonics0640]
[mychart.orlandohealth.com/MyChart/rulestring/stringsbd66]
[mychart.orlandohealth.com/MyChart/passwordresetf14b.html]
[mychart.orlandohealth.com/MyChart/localization/formats0225]
[mychart.orlandohealth.com/MyChart/scripts/wp.fdiutils.mineab1.js]
[mychart.orlandohealth.com/MyChart/context/webserversettings8925]
[mychart.orlandohealth.com/MyChart/mnemonicse3e3]
[mychart.orlandohealth.com/MyChart/rulestring/strings63ed]
[mychart.orlandohealth.com/MyChart/passwordresetd731.html]
[mychart.orlandohealth.com/MyChart/localization/formats1cf6]
[mychart.orlandohealth.com/MyChart/scripts/wp.fdiutils.minc731.js]
[mychart.orlandohealth.com/MyChart/context/webserversettings7d5d]
[mychart.orlandohealth.com/MyChart/mnemonicsc3d4]
[mychart.orlandohealth.com/MyChart/rulestring/stringsfb6d]
[mychart.orlandohealth.com/MyChart/passwordreset3fd1.html]
[mychart.orlandohealth.com/MyChart/localization/formatsc95e]
[mychart.orlandohealth.com/MyChart/scripts/wp.fdiutils.min2ab3.js]
[mychart.orlandohealth.com/MyChart/context/webserversettings0c60]
[mychart.orlandohealth.com/MyChart/mnemonicse356]
[mychart.orlandohealth.com/MyChart/rulestring/stringsa10d]
[mychart.orlandohealth.com/MyChart/passwordreset5079.html]
[mychart.orlandohealth.com/MyChart/localization/formatsae5d]
[mychart.orlandohealth.com/MyChart/scripts/wp.fdiutils.min4295.js]
[mychart.orlandohealth.com/MyChart/context/webserversettings72f6]
[mychart.orlandohealth.com/MyChart/mnemonicsabdb]
[mychart.orlandohealth.com/MyChart/rulestring/strings0fb9]
[mychart.orlandohealth.com/MyChart/passwordresetc478.html]
[mychart.orlandohealth.com/MyChart/localization/formats92c0]
[mychart.orlandohealth.com/MyChart/scripts/wp.fdiutils.mind156.js]
[mychart.orlandohealth.com/MyChart/context/webserversettings2306]
[mychart.orlandohealth.com/MyChart/mnemonics9574]
[mychart.orlandohealth.com/MyChart/rulestring/strings3ae6]
[mychart.orlandohealth.com/MyChart/passwordreset9a59.html]
[mychart.orlandohealth.com/MyChart/localization/formats9929]
[mychart.orlandohealth.com/MyChart/scripts/wp.fdiutils.min72e2.js]
[mychart.orlandohealth.com/MyChart/context/webserversettings9b53]
[mychart.orlandohealth.com/MyChart/mnemonics673e]
[mychart.orlandohealth.com/MyChart/rulestring/strings6869]
[mychart.orlandohealth.com/MyChart/passwordresetc352.html]
[mychart.orlandohealth.com/MyChart/localization/formats4c3b]
[mychart.orlandohealth.com/MyChart/scripts/wp.fdiutils.mindab2.js]
[mychart.orlandohealth.com/MyChart/context/webserversettingsd578]
[mychart.orlandohealth.com/MyChart/mnemonicsc65e]
[mychart.orlandohealth.com/MyChart/rulestring/stringsd75e]
[mychart.orlandohealth.com/MyChart/passwordresetc992.html]
[mychart.orlandohealth.com/MyChart/localization/formats8fce]
[mychart.orlandohealth.com/MyChart/scripts/wp.fdiutils.min2870.js]
[mychart.orlandohealth.com/MyChart/context/webserversettings1319]
[mychart.orlandohealth.com/MyChart/mnemonicsae7d]
[mychart.orlandohealth.com/MyChart/rulestring/strings0237]
[mychart.orlandohealth.com/MyChart/passwordreset1a3e.html]
[mychart.orlandohealth.com/MyChart/localization/formatse03c]
[mychart.orlandohealth.com/MyChart/scripts/wp.fdiutils.min2537.js]
[mychart.orlandohealth.com/MyChart/context/webserversettings31f7]
[mychart.orlandohealth.com/MyChart/mnemonics7c96]
[mychart.orlandohealth.com/MyChart/rulestring/strings8c82]
[mychart.orlandohealth.com/MyChart/passwordreset5a90.html]
[mychart.orlandohealth.com/MyChart/localization/formats8abc]
[mychart.orlandohealth.com/MyChart/scripts/wp.fdiutils.min6312.js]
[mychart.orlandohealth.com/MyChart/context/webserversettings536e]
[mychart.orlandohealth.com/MyChart/mnemonicsac19]
[mychart.orlandohealth.com/MyChart/rulestring/strings2f78]
[mychart.orlandohealth.com/MyChart/passwordresetf1b2.html]
[mychart.orlandohealth.com/MyChart/localization/formats8b0e]
[mychart.orlandohealth.com/MyChart/scripts/wp.fdiutils.min499f.js]
[mychart.orlandohealth.com/MyChart/context/webserversettings8399]
[mychart.orlandohealth.com/MyChart/mnemonicsb63d]
[mychart.orlandohealth.com/MyChart/rulestring/stringsb16c]
[mychart.orlandohealth.com/MyChart/passwordreset7137.html]
[mychart.orlandohealth.com/MyChart/localization/formatsb3a3]
[mychart.orlandohealth.com/MyChart/scripts/wp.fdiutils.mine5c6.js]
[mychart.orlandohealth.com/MyChart/context/webserversettingsb9ca]
[mychart.orlandohealth.com/MyChart/mnemonicsc263]
[mychart.orlandohealth.com/MyChart/rulestring/strings0952]
[mychart.orlandohealth.com/MyChart/passwordreseta2e4.html]
[mychart.orlandohealth.com/MyChart/localization/formatse152]
[mychart.orlandohealth.com/MyChart/scripts/wp.fdiutils.min9563.js]
[mychart.orlandohealth.com/MyChart/context/webserversettings85e1]
[mychart.orlandohealth.com/MyChart/mnemonics645a]
[mychart.orlandohealth.com/MyChart/rulestring/strings1ad7]
[mychart.orlandohealth.com/MyChart/passwordresetb1c2.html]
[mychart.orlandohealth.com/MyChart/localization/formats979c]
[mychart.orlandohealth.com/MyChart/scripts/wp.fdiutils.min5db0.js]
[mychart.orlandohealth.com/MyChart/context/webserversettings2d28]
[mychart.orlandohealth.com/MyChart/mnemonicsda11]
[mychart.orlandohealth.com/MyChart/rulestring/strings7368]
[mychart.orlandohealth.com/MyChart/passwordreset334d.html]
[mychart.orlandohealth.com/MyChart/localization/formats413c]
[mychart.orlandohealth.com/MyChart/scripts/wp.fdiutils.minb9de.js]
[mychart.orlandohealth.com/MyChart/context/webserversettings32dc]
[mychart.orlandohealth.com/MyChart/mnemonicsbae6]
[mychart.orlandohealth.com/MyChart/rulestring/stringsbdcd]
[mychart.orlandohealth.com/MyChart/passwordresete667.html]
[mychart.orlandohealth.com/MyChart/localization/formatsc37f]
[mychart.orlandohealth.com/MyChart/scripts/wp.fdiutils.min2326.js]
[mychart.orlandohealth.com/MyChart/context/webserversettingsb752]
[mychart.orlandohealth.com/MyChart/mnemonics752a]
[mychart.orlandohealth.com/MyChart/rulestring/stringsb74d]
[mychart.orlandohealth.com/MyChart/passwordresetdde5.html]
[mychart.orlandohealth.com/MyChart/localization/formats44bc]
[mychart.orlandohealth.com/MyChart/scripts/wp.fdiutils.min53e2.js]
[mychart.orlandohealth.com/MyChart/context/webserversettingsa398]
[mychart.orlandohealth.com/MyChart/mnemonicsd248]
[mychart.orlandohealth.com/MyChart/rulestring/strings72d9]
[mychart.orlandohealth.com/MyChart/passwordreset15f6.html]
[mychart.orlandohealth.com/MyChart/localization/formats0569]
[mychart.orlandohealth.com/MyChart/scripts/wp.fdiutils.minc6b5.js]
[mychart.orlandohealth.com/MyChart/context/webserversettings2e2d]
[mychart.orlandohealth.com/MyChart/mnemonics1438]
[mychart.orlandohealth.com/MyChart/rulestring/stringsf212]
[mychart.orlandohealth.com/MyChart/passwordreset467b.html]
[mychart.orlandohealth.com/MyChart/localization/formats17f0]
[mychart.orlandohealth.com/MyChart/scripts/wp.fdiutils.min914b.js]
[mychart.orlandohealth.com/MyChart/context/webserversettings2ff3]
[mychart.orlandohealth.com/MyChart/mnemonics1403]
[mychart.orlandohealth.com/MyChart/rulestring/strings2841]
[mychart.orlandohealth.com/MyChart/passwordresetec9a.html]
[mychart.orlandohealth.com/MyChart/localization/formats86c5]
[mychart.orlandohealth.com/MyChart/scripts/wp.fdiutils.min8f8c.js]
[mychart.orlandohealth.com/MyChart/context/webserversettings819f]
[mychart.orlandohealth.com/MyChart/mnemonicsa643]
[mychart.orlandohealth.com/MyChart/rulestring/stringsc9e3]
[mychart.orlandohealth.com/MyChart/passwordresete944.html]
[mychart.orlandohealth.com/MyChart/localization/formats37e9]
[mychart.orlandohealth.com/MyChart/scripts/wp.fdiutils.min6293.js]
[mychart.orlandohealth.com/MyChart/context/webserversettings5b04]
[mychart.orlandohealth.com/MyChart/mnemonicsc745]
[mychart.orlandohealth.com/MyChart/rulestring/strings55ca]
[mychart.orlandohealth.com/MyChart/passwordreset780d.html]
[mychart.orlandohealth.com/MyChart/localization/formats4a00]
[mychart.orlandohealth.com/MyChart/scripts/wp.fdiutils.minf2bc.js]
[mychart.orlandohealth.com/MyChart/context/webserversettings1a0f]
[mychart.orlandohealth.com/MyChart/mnemonicsf821]
[mychart.orlandohealth.com/MyChart/rulestring/strings866d]
[mychart.orlandohealth.com/MyChart/passwordreset1974.html]
[mychart.orlandohealth.com/MyChart/localization/formats03d3]
[mychart.orlandohealth.com/MyChart/scripts/wp.fdiutils.minb091.js]
[mychart.orlandohealth.com/MyChart/context/webserversettingsfb16]
[mychart.orlandohealth.com/MyChart/mnemonicsc805]
[mychart.orlandohealth.com/MyChart/rulestring/stringse579]
[mychart.orlandohealth.com/MyChart/passwordreset50a5.html]
[mychart.orlandohealth.com/MyChart/localization/formats2f7e]
[mychart.orlandohealth.com/MyChart/scripts/wp.fdiutils.min7160.js]
[mychart.orlandohealth.com/MyChart/context/webserversettings9166]
[mychart.orlandohealth.com/MyChart/mnemonics86c2]
[mychart.orlandohealth.com/MyChart/rulestring/stringsc911]
[mychart.orlandohealth.com/MyChart/passwordresetcbf2.html]
[mychart.orlandohealth.com/MyChart/localization/formats36df]
[mychart.orlandohealth.com/MyChart/scripts/wp.fdiutils.min20fb.js]
[mychart.orlandohealth.com/MyChart/context/webserversettings830b]
[mychart.orlandohealth.com/MyChart/mnemonics214f]
[mychart.orlandohealth.com/MyChart/rulestring/strings421b]
[mychart.orlandohealth.com/MyChart/passwordreset6270.html]
[mychart.orlandohealth.com/MyChart/localization/formats563f]
[mychart.orlandohealth.com/MyChart/scripts/wp.fdiutils.min18b2.js]
[mychart.orlandohealth.com/MyChart/context/webserversettings5161]
[mychart.orlandohealth.com/MyChart/mnemonics25c1]
[mychart.orlandohealth.com/MyChart/rulestring/stringsb1dd]
[mychart.orlandohealth.com/MyChart/passwordreset1062.html]
[mychart.orlandohealth.com/MyChart/localization/formats7f9f]
[mychart.orlandohealth.com/MyChart/scripts/wp.fdiutils.minbfa7.js]
[mychart.orlandohealth.com/MyChart/context/webserversettings9250]
[mychart.orlandohealth.com/MyChart/mnemonicsa596]
[mychart.orlandohealth.com/MyChart/rulestring/strings3da6]
[mychart.orlandohealth.com/MyChart/passwordresetf4c0.html]
[mychart.orlandohealth.com/MyChart/localization/formats1dd9]
[mychart.orlandohealth.com/MyChart/scripts/wp.fdiutils.minaf19.js]
[mychart.orlandohealth.com/MyChart/context/webserversettings165e]
[mychart.orlandohealth.com/MyChart/mnemonicsfabe]
[mychart.orlandohealth.com/MyChart/rulestring/strings0b79]
[mychart.orlandohealth.com/MyChart/passwordreset58ba.html]
[mychart.orlandohealth.com/MyChart/localization/formatsfa49]
[mychart.orlandohealth.com/MyChart/scripts/wp.fdiutils.mine8d5.js]
[mychart.orlandohealth.com/MyChart/context/webserversettings0aff]
[mychart.orlandohealth.com/MyChart/mnemonicsca75]
[mychart.orlandohealth.com/MyChart/rulestring/stringsd7ec]
[mychart.orlandohealth.com/MyChart/passwordreset188c.html]
[mychart.orlandohealth.com/MyChart/localization/formatscc83]
[mychart.orlandohealth.com/MyChart/scripts/wp.fdiutils.min7081.js]
[mychart.orlandohealth.com/MyChart/context/webserversettings7e14]
[mychart.orlandohealth.com/MyChart/mnemonicsc258]
[mychart.orlandohealth.com/MyChart/rulestring/stringsd892]
[mychart.orlandohealth.com/MyChart/passwordreset2c19.html]
[mychart.orlandohealth.com/MyChart/localization/formats169c]
[mychart.orlandohealth.com/MyChart/scripts/wp.fdiutils.min8611.js]
[mychart.orlandohealth.com/MyChart/context/webserversettingsbced]
[mychart.orlandohealth.com/MyChart/mnemonics3836]
[mychart.orlandohealth.com/MyChart/rulestring/stringse0b8]
[mychart.orlandohealth.com/MyChart/passwordreset9de9.html]
[mychart.orlandohealth.com/MyChart/localization/formats4352]
[mychart.orlandohealth.com/MyChart/scripts/wp.fdiutils.min85a0.js]
[mychart.orlandohealth.com/MyChart/context/webserversettings74eb]
[mychart.orlandohealth.com/MyChart/mnemonics7243]
[mychart.orlandohealth.com/MyChart/rulestring/stringsf151]
[mychart.orlandohealth.com/MyChart/passwordreset70b9.html]
[mychart.orlandohealth.com/MyChart/localization/formatscaf3]
[mychart.orlandohealth.com/MyChart/scripts/wp.fdiutils.min6892.js]
[mychart.orlandohealth.com/MyChart/context/webserversettings13e5]
[mychart.orlandohealth.com/MyChart/mnemonics3ee2]
[mychart.orlandohealth.com/MyChart/rulestring/strings0167]
[mychart.orlandohealth.com/MyChart/passwordreset7458.html]
[mychart.orlandohealth.com/MyChart/localization/formatsfe7e]
[mychart.orlandohealth.com/MyChart/scripts/wp.fdiutils.minf2be.js]
[mychart.orlandohealth.com/MyChart/context/webserversettingse70c]
[mychart.orlandohealth.com/MyChart/mnemonicsfec1]
[mychart.orlandohealth.com/MyChart/rulestring/stringscd01]
[mychart.orlandohealth.com/MyChart/passwordreset89d8.html]
[mychart.orlandohealth.com/MyChart/localization/formats7ec3]
[mychart.orlandohealth.com/MyChart/scripts/wp.fdiutils.min1acf.js]
[mychart.orlandohealth.com/MyChart/context/webserversettingsd441]
[mychart.orlandohealth.com/MyChart/mnemonics6de8]
[mychart.orlandohealth.com/MyChart/rulestring/stringsa65f]
[mychart.orlandohealth.com/MyChart/passwordreset1324.html]
[mychart.orlandohealth.com/MyChart/localization/formats5d9f]
[mychart.orlandohealth.com/MyChart/scripts/wp.fdiutils.mina205.js]
[mychart.orlandohealth.com/MyChart/context/webserversettingsd4cd]
[mychart.orlandohealth.com/MyChart/mnemonics1707]
[mychart.orlandohealth.com/MyChart/rulestring/strings07cf]
[mychart.orlandohealth.com/MyChart/passwordreset03e4.html]
[mychart.orlandohealth.com/MyChart/localization/formats6e7b]
[mychart.orlandohealth.com/MyChart/scripts/wp.fdiutils.minaa11.js]
[mychart.orlandohealth.com/MyChart/context/webserversettings431c]
[mychart.orlandohealth.com/MyChart/mnemonicsb546]
[mychart.orlandohealth.com/MyChart/rulestring/stringsa546]
[mychart.orlandohealth.com/MyChart/passwordreset2a36.html]
[mychart.orlandohealth.com/MyChart/localization/formats477e]
[mychart.orlandohealth.com/MyChart/scripts/wp.fdiutils.min6811.js]
[mychart.orlandohealth.com/MyChart/context/webserversettings0987]
[mychart.orlandohealth.com/MyChart/mnemonicsbc5e]
[mychart.orlandohealth.com/MyChart/rulestring/strings3361]
[mychart.orlandohealth.com/MyChart/passwordreset8ca0.html]
[mychart.orlandohealth.com/MyChart/localization/formats7c36]
[mychart.orlandohealth.com/MyChart/scripts/wp.fdiutils.min6c1e.js]
[mychart.orlandohealth.com/MyChart/context/webserversettingsf49b]
[mychart.orlandohealth.com/MyChart/mnemonicsbd31]
[mychart.orlandohealth.com/MyChart/rulestring/strings52c0]
[mychart.orlandohealth.com/MyChart/passwordresetca8f.html]
[mychart.orlandohealth.com/MyChart/localization/formats46cf]
[mychart.orlandohealth.com/MyChart/scripts/wp.fdiutils.min407f.js]
[mychart.orlandohealth.com/MyChart/context/webserversettingscf15]
[mychart.orlandohealth.com/MyChart/mnemonicsc403]
[mychart.orlandohealth.com/MyChart/rulestring/strings3479]
[mychart.orlandohealth.com/MyChart/passwordresetb5f7.html]
[mychart.orlandohealth.com/MyChart/localization/formatsb74a]
[mychart.orlandohealth.com/MyChart/scripts/wp.fdiutils.minfc97.js]
[mychart.orlandohealth.com/MyChart/context/webserversettingseade]
[mychart.orlandohealth.com/MyChart/mnemonics5ea7]
[mychart.orlandohealth.com/MyChart/rulestring/strings99bf]
[mychart.orlandohealth.com/MyChart/passwordresetd695.html]
[mychart.orlandohealth.com/MyChart/localization/formats56a8]
[mychart.orlandohealth.com/MyChart/scripts/wp.fdiutils.min10f5.js]
[mychart.orlandohealth.com/MyChart/context/webserversettings8630]
[mychart.orlandohealth.com/MyChart/mnemonicsba16]
[mychart.orlandohealth.com/MyChart/rulestring/stringsc2fe]
[mychart.orlandohealth.com/MyChart/passwordreset13e3.html]
[mychart.orlandohealth.com/MyChart/localization/formats9261]
[mychart.orlandohealth.com/MyChart/scripts/wp.fdiutils.minf696.js]
[mychart.orlandohealth.com/MyChart/context/webserversettingsa8ae]
[mychart.orlandohealth.com/MyChart/mnemonics038d]
[mychart.orlandohealth.com/MyChart/rulestring/stringsc9e7]
[mychart.orlandohealth.com/MyChart/passwordreset508f.html]
[mychart.orlandohealth.com/MyChart/localization/formatse29a]
[mychart.orlandohealth.com/MyChart/scripts/wp.fdiutils.min1c1b.js]
[mychart.orlandohealth.com/MyChart/context/webserversettingse885]
[mychart.orlandohealth.com/MyChart/mnemonicsf9e2]
[mychart.orlandohealth.com/MyChart/rulestring/strings9b6a]
[mychart.orlandohealth.com/MyChart/passwordresetef5d.html]
[mychart.orlandohealth.com/MyChart/localization/formats15f3]
[mychart.orlandohealth.com/MyChart/scripts/wp.fdiutils.min032a.js]
[mychart.orlandohealth.com/MyChart/context/webserversettings8e11]
[mychart.orlandohealth.com/MyChart/mnemonicsa7dd]
[mychart.orlandohealth.com/MyChart/rulestring/stringsfdf9]
[mychart.orlandohealth.com/MyChart/passwordreset868e.html]
[mychart.orlandohealth.com/MyChart/localization/formatsee7f]
[mychart.orlandohealth.com/MyChart/scripts/wp.fdiutils.min0c9a.js]
[mychart.orlandohealth.com/MyChart/context/webserversettings01b7]
[mychart.orlandohealth.com/MyChart/mnemonics0df2]
[mychart.orlandohealth.com/MyChart/rulestring/stringsbb5f]
[mychart.orlandohealth.com/MyChart/passwordreset21b0.html]
[mychart.orlandohealth.com/MyChart/localization/formats1edb]
[mychart.orlandohealth.com/MyChart/scripts/wp.fdiutils.min1133.js]
[mychart.orlandohealth.com/MyChart/context/webserversettings882b]
[mychart.orlandohealth.com/MyChart/mnemonicsdd14]
[mychart.orlandohealth.com/MyChart/rulestring/strings4e51]
[mychart.orlandohealth.com/MyChart/passwordreset1691.html]
[mychart.orlandohealth.com/MyChart/localization/formatsb836]
[mychart.orlandohealth.com/MyChart/scripts/wp.fdiutils.minaf23.js]
[mychart.orlandohealth.com/MyChart/context/webserversettings4dc4]
[mychart.orlandohealth.com/MyChart/mnemonicsbfd2]
[mychart.orlandohealth.com/MyChart/rulestring/strings01d3]
[mychart.orlandohealth.com/MyChart/passwordreset4c1d.html]
[mychart.orlandohealth.com/MyChart/localization/formatsa4e4]
[mychart.orlandohealth.com/MyChart/scripts/wp.fdiutils.min2d5f.js]
[mychart.orlandohealth.com/MyChart/context/webserversettings1a74]
[mychart.orlandohealth.com/MyChart/mnemonics2684]
[mychart.orlandohealth.com/MyChart/rulestring/strings9443]
[mychart.orlandohealth.com/MyChart/passwordreset1ebb.html]
[mychart.orlandohealth.com/MyChart/localization/formatsf0bc]
[mychart.orlandohealth.com/MyChart/scripts/wp.fdiutils.min30d7.js]
[mychart.orlandohealth.com/MyChart/context/webserversettingsab84]
[mychart.orlandohealth.com/MyChart/mnemonics10bc]
[mychart.orlandohealth.com/MyChart/rulestring/stringsb906]
[mychart.orlandohealth.com/MyChart/passwordresete9d4.html]
[mychart.orlandohealth.com/MyChart/localization/formats1bd6]
[mychart.orlandohealth.com/MyChart/scripts/wp.fdiutils.minb818.js]
[mychart.orlandohealth.com/MyChart/context/webserversettingsba9b]
[mychart.orlandohealth.com/MyChart/mnemonicsb45f]
[mychart.orlandohealth.com/MyChart/rulestring/stringsc5a5]
[mychart.orlandohealth.com/MyChart/passwordreset6e2e.html]
[mychart.orlandohealth.com/MyChart/localization/formatsb95a]
[mychart.orlandohealth.com/MyChart/scripts/wp.fdiutils.mina078.js]
[mychart.orlandohealth.com/MyChart/context/webserversettingsd619]
[mychart.orlandohealth.com/MyChart/mnemonics4094]
[mychart.orlandohealth.com/MyChart/rulestring/stringse9ee]
[mychart.orlandohealth.com/MyChart/passwordreset8676.html]
[mychart.orlandohealth.com/MyChart/localization/formats7bb5]
[mychart.orlandohealth.com/MyChart/scripts/wp.fdiutils.min138c.js]
[mychart.orlandohealth.com/MyChart/context/webserversettingsfad1]
[mychart.orlandohealth.com/MyChart/mnemonics51a2]
[mychart.orlandohealth.com/MyChart/rulestring/stringsc82b]
[mychart.orlandohealth.com/MyChart/passwordreset85fd.html]
[mychart.orlandohealth.com/MyChart/localization/formats686a]
[mychart.orlandohealth.com/MyChart/scripts/wp.fdiutils.mind786.js]
[mychart.orlandohealth.com/MyChart/context/webserversettings03a4]
[mychart.orlandohealth.com/MyChart/mnemonics00dc]
[mychart.orlandohealth.com/MyChart/rulestring/strings3a3b]
[mychart.orlandohealth.com/MyChart/passwordreset9d62.html]
[mychart.orlandohealth.com/MyChart/localization/formatsf79e]
[mychart.orlandohealth.com/MyChart/scripts/wp.fdiutils.min44e5.js]
[mychart.orlandohealth.com/MyChart/context/webserversettings4f66]
[mychart.orlandohealth.com/MyChart/mnemonicsc9a3]
[mychart.orlandohealth.com/MyChart/rulestring/strings5b33]
[mychart.orlandohealth.com/MyChart/passwordreset7bd8.html]
[mychart.orlandohealth.com/MyChart/localization/formatsf845]
[mychart.orlandohealth.com/MyChart/scripts/wp.fdiutils.min790c.js]
[mychart.orlandohealth.com/MyChart/context/webserversettings6306]
[mychart.orlandohealth.com/MyChart/mnemonicsec74]
[mychart.orlandohealth.com/MyChart/rulestring/stringsa57b]
[mychart.orlandohealth.com/MyChart/passwordreset9304.html]
[mychart.orlandohealth.com/MyChart/localization/formats27b9]
[mychart.orlandohealth.com/MyChart/scripts/wp.fdiutils.min8447.js]
[mychart.orlandohealth.com/MyChart/context/webserversettings711f]
[mychart.orlandohealth.com/MyChart/mnemonics491f]
[mychart.orlandohealth.com/MyChart/rulestring/stringsa0a5]
[mychart.orlandohealth.com/MyChart/passwordresetd10b.html]
[mychart.orlandohealth.com/MyChart/localization/formats752f]
[mychart.orlandohealth.com/MyChart/scripts/wp.fdiutils.min594d.js]
[mychart.orlandohealth.com/MyChart/context/webserversettingsf894]
[mychart.orlandohealth.com/MyChart/mnemonicsb951]
[mychart.orlandohealth.com/MyChart/rulestring/strings3e88]
[mychart.orlandohealth.com/MyChart/passwordresetc13b.html]
[mychart.orlandohealth.com/MyChart/localization/formats54b5]
[mychart.orlandohealth.com/MyChart/scripts/wp.fdiutils.minac1e.js]
[mychart.orlandohealth.com/MyChart/context/webserversettings4fa8]
[mychart.orlandohealth.com/MyChart/mnemonics74ba]
[mychart.orlandohealth.com/MyChart/rulestring/strings382f]
[mychart.orlandohealth.com/MyChart/passwordreset87eb.html]
[mychart.orlandohealth.com/MyChart/localization/formats712c]
[mychart.orlandohealth.com/MyChart/scripts/wp.fdiutils.minc60a.js]
[mychart.orlandohealth.com/MyChart/context/webserversettings4180]
[mychart.orlandohealth.com/MyChart/mnemonics22b3]
[mychart.orlandohealth.com/MyChart/rulestring/strings7da8]
[mychart.orlandohealth.com/MyChart/passwordreset0c4f.html]
[mychart.orlandohealth.com/MyChart/localization/formats5697]
[mychart.orlandohealth.com/MyChart/scripts/wp.fdiutils.min6474.js]
[mychart.orlandohealth.com/MyChart/context/webserversettings1b2f]
[mychart.orlandohealth.com/MyChart/mnemonics298e]
[mychart.orlandohealth.com/MyChart/rulestring/strings6f9a]
[mychart.orlandohealth.com/MyChart/passwordreset2d4f.html]
[mychart.orlandohealth.com/MyChart/localization/formats1b18]
[mychart.orlandohealth.com/MyChart/scripts/wp.fdiutils.mincc4a.js]
[mychart.orlandohealth.com/MyChart/context/webserversettings3d27]
[mychart.orlandohealth.com/MyChart/mnemonicsc137]
[mychart.orlandohealth.com/MyChart/rulestring/strings6919]
[mychart.orlandohealth.com/MyChart/passwordresete5d2.html]
[mychart.orlandohealth.com/MyChart/localization/formats7576]
[mychart.orlandohealth.com/MyChart/scripts/wp.fdiutils.min6a86.js]
[mychart.orlandohealth.com/MyChart/context/webserversettings0df4]
[mychart.orlandohealth.com/MyChart/mnemonics1d42]
[mychart.orlandohealth.com/MyChart/rulestring/strings86fd]
[mychart.orlandohealth.com/MyChart/passwordreseta5e9.html]
[mychart.orlandohealth.com/MyChart/localization/formats56c8]
[mychart.orlandohealth.com/MyChart/scripts/wp.fdiutils.mind094.js]
[mychart.orlandohealth.com/MyChart/context/webserversettingsdf56]
[mychart.orlandohealth.com/MyChart/mnemonics7205]
[mychart.orlandohealth.com/MyChart/rulestring/strings8b16]
[mychart.orlandohealth.com/MyChart/passwordreset817f.html]
[mychart.orlandohealth.com/MyChart/localization/formats1cf2]
[mychart.orlandohealth.com/MyChart/scripts/wp.fdiutils.min0563.js]
[mychart.orlandohealth.com/MyChart/context/webserversettingsb6bf]
[mychart.orlandohealth.com/MyChart/mnemonicsea0b]
[mychart.orlandohealth.com/MyChart/rulestring/strings31a8]
[mychart.orlandohealth.com/MyChart/passwordreset95e2.html]
[mychart.orlandohealth.com/MyChart/localization/formats59f1]
[mychart.orlandohealth.com/MyChart/scripts/wp.fdiutils.minb413.js]
[mychart.orlandohealth.com/MyChart/context/webserversettings275a]
[mychart.orlandohealth.com/MyChart/mnemonics18a8]
[mychart.orlandohealth.com/MyChart/rulestring/strings4c27]
[mychart.orlandohealth.com/MyChart/passwordresete964.html]
[mychart.orlandohealth.com/MyChart/localization/formats653f]
[mychart.orlandohealth.com/MyChart/scripts/wp.fdiutils.min4148.js]
[mychart.orlandohealth.com/MyChart/context/webserversettingsfb30]
[mychart.orlandohealth.com/MyChart/mnemonicsf1a0]
[mychart.orlandohealth.com/MyChart/rulestring/strings21c8]
[mychart.orlandohealth.com/MyChart/passwordreset5f6b.html]
[mychart.orlandohealth.com/MyChart/localization/formats675a]
[mychart.orlandohealth.com/MyChart/scripts/wp.fdiutils.min0ac3.js]
[mychart.orlandohealth.com/MyChart/context/webserversettingsba38]
[mychart.orlandohealth.com/MyChart/mnemonics7a0d]
[mychart.orlandohealth.com/MyChart/rulestring/strings1c70]
[mychart.orlandohealth.com/MyChart/passwordreset2aae.html]
[mychart.orlandohealth.com/MyChart/localization/formats1d54]
[mychart.orlandohealth.com/MyChart/scripts/wp.fdiutils.mind6ff.js]
[mychart.orlandohealth.com/MyChart/context/webserversettings03e2]
[mychart.orlandohealth.com/MyChart/mnemonicse25b]
[mychart.orlandohealth.com/MyChart/rulestring/strings31d3]
[mychart.orlandohealth.com/MyChart/passwordresetf60e.html]
[mychart.orlandohealth.com/MyChart/localization/formatsc506]
[mychart.orlandohealth.com/MyChart/scripts/wp.fdiutils.min7576.js]
[mychart.orlandohealth.com/MyChart/context/webserversettings9935]
[mychart.orlandohealth.com/MyChart/mnemonicsff49]
[mychart.orlandohealth.com/MyChart/rulestring/strings26a9]
[mychart.orlandohealth.com/MyChart/passwordreset5f2f.html]
[mychart.orlandohealth.com/MyChart/localization/formatsb5ce]
[mychart.orlandohealth.com/MyChart/scripts/wp.fdiutils.min653a.js]
[mychart.orlandohealth.com/MyChart/context/webserversettingsa180]
[mychart.orlandohealth.com/MyChart/mnemonics1fcf]
[mychart.orlandohealth.com/MyChart/rulestring/stringsfe90]
[mychart.orlandohealth.com/MyChart/passwordresetf164.html]
[mychart.orlandohealth.com/MyChart/localization/formats7c7e]
[mychart.orlandohealth.com/MyChart/scripts/wp.fdiutils.min6725.js]
[mychart.orlandohealth.com/MyChart/context/webserversettingsff94]
[mychart.orlandohealth.com/MyChart/mnemonicsb7e3]
[mychart.orlandohealth.com/MyChart/rulestring/strings74d5]
[mychart.orlandohealth.com/MyChart/passwordreset1e47.html]
[mychart.orlandohealth.com/MyChart/localization/formatsa220]
[mychart.orlandohealth.com/MyChart/scripts/wp.fdiutils.min2f60.js]
[mychart.orlandohealth.com/MyChart/context/webserversettings99f4]
[mychart.orlandohealth.com/MyChart/mnemonics1637]
[mychart.orlandohealth.com/MyChart/rulestring/strings98cf]
[mychart.orlandohealth.com/MyChart/passwordreset7934.html]
[mychart.orlandohealth.com/MyChart/localization/formats133a]
[mychart.orlandohealth.com/MyChart/scripts/wp.fdiutils.min121e.js]
[mychart.orlandohealth.com/MyChart/context/webserversettings3adb]
[mychart.orlandohealth.com/MyChart/mnemonics4503]
[mychart.orlandohealth.com/MyChart/rulestring/strings437f]
[mychart.orlandohealth.com/MyChart/passwordreset4a14.html]
[mychart.orlandohealth.com/MyChart/localization/formatsef90]
[mychart.orlandohealth.com/MyChart/scripts/wp.fdiutils.min49d7.js]
[mychart.orlandohealth.com/MyChart/context/webserversettingse7aa]
[mychart.orlandohealth.com/MyChart/mnemonics60d0]
[mychart.orlandohealth.com/MyChart/rulestring/strings4e7f]
[mychart.orlandohealth.com/MyChart/passwordresetff38.html]
[mychart.orlandohealth.com/MyChart/localization/formatsdb5b]
[mychart.orlandohealth.com/MyChart/scripts/wp.fdiutils.min60b1.js]
[mychart.orlandohealth.com/MyChart/context/webserversettings24e6]
[mychart.orlandohealth.com/MyChart/mnemonics1152]
[mychart.orlandohealth.com/MyChart/rulestring/strings983e]
[mychart.orlandohealth.com/MyChart/passwordreset3e7e.html]
[mychart.orlandohealth.com/MyChart/localization/formatse6e5]
[mychart.orlandohealth.com/MyChart/scripts/wp.fdiutils.mind65e.js]
[mychart.orlandohealth.com/MyChart/context/webserversettingse5a6]
[mychart.orlandohealth.com/MyChart/mnemonics2657]
[mychart.orlandohealth.com/MyChart/rulestring/strings81be]
[mychart.orlandohealth.com/MyChart/passwordreset2d0f.html]
[mychart.orlandohealth.com/MyChart/localization/formats7cb5]
[mychart.orlandohealth.com/MyChart/scripts/wp.fdiutils.mine505.js]
[mychart.orlandohealth.com/MyChart/context/webserversettingsf487]
[mychart.orlandohealth.com/MyChart/mnemonics899a]
[mychart.orlandohealth.com/MyChart/rulestring/strings3917]
[mychart.orlandohealth.com/MyChart/passwordreset2b05.html]
[mychart.orlandohealth.com/MyChart/localization/formatscbb4]
[mychart.orlandohealth.com/MyChart/scripts/wp.fdiutils.mincf87.js]
[mychart.orlandohealth.com/MyChart/context/webserversettingsd748]
[mychart.orlandohealth.com/MyChart/mnemonics9056]
[mychart.orlandohealth.com/MyChart/rulestring/strings8a75]
[mychart.orlandohealth.com/MyChart/passwordreseta74c.html]
[mychart.orlandohealth.com/MyChart/localization/formatsfbec]
[mychart.orlandohealth.com/MyChart/scripts/wp.fdiutils.min4ef3.js]
[mychart.orlandohealth.com/MyChart/context/webserversettings98c4]
[mychart.orlandohealth.com/MyChart/mnemonics2fd8]
[mychart.orlandohealth.com/MyChart/rulestring/strings1171]
[mychart.orlandohealth.com/MyChart/passwordreset0f7f.html]
[mychart.orlandohealth.com/MyChart/localization/formats0fc4]
[mychart.orlandohealth.com/MyChart/scripts/wp.fdiutils.min91e6.js]
[mychart.orlandohealth.com/MyChart/context/webserversettings1d2b]
[mychart.orlandohealth.com/MyChart/mnemonics7dae]
[mychart.orlandohealth.com/MyChart/rulestring/stringsfb8f]
[mychart.orlandohealth.com/MyChart/passwordresetc240.html]
[mychart.orlandohealth.com/MyChart/localization/formatsca0d]
[mychart.orlandohealth.com/MyChart/scripts/wp.fdiutils.min671c.js]
[mychart.orlandohealth.com/MyChart/context/webserversettings74b4]
[mychart.orlandohealth.com/MyChart/mnemonics9ecf]
[mychart.orlandohealth.com/MyChart/rulestring/strings6c85]
[mychart.orlandohealth.com/MyChart/passwordreseta990.html]
[mychart.orlandohealth.com/MyChart/localization/formatsd47f]
[mychart.orlandohealth.com/MyChart/scripts/wp.fdiutils.minf6cb.js]
[mychart.orlandohealth.com/MyChart/context/webserversettingsd7ef]
[mychart.orlandohealth.com/MyChart/mnemonics7885]
[mychart.orlandohealth.com/MyChart/rulestring/strings354d]
[mychart.orlandohealth.com/MyChart/passwordresetf7a8.html]
[mychart.orlandohealth.com/MyChart/localization/formatsb586]
[mychart.orlandohealth.com/MyChart/scripts/wp.fdiutils.minbf9d.js]
[mychart.orlandohealth.com/MyChart/context/webserversettings00eb]
[mychart.orlandohealth.com/MyChart/mnemonics4bde]
[mychart.orlandohealth.com/MyChart/rulestring/strings810b]
[mychart.orlandohealth.com/MyChart/passwordresetbb2f.html]
[mychart.orlandohealth.com/MyChart/localization/formats8b1f]
[mychart.orlandohealth.com/MyChart/scripts/wp.fdiutils.min4600.js]
[mychart.orlandohealth.com/MyChart/context/webserversettings6402]
[mychart.orlandohealth.com/MyChart/mnemonicsffbf]
[mychart.orlandohealth.com/MyChart/rulestring/strings138d]
[mychart.orlandohealth.com/MyChart/passwordreset3da2.html]
[mychart.orlandohealth.com/MyChart/localization/formats7458]
[mychart.orlandohealth.com/MyChart/scripts/wp.fdiutils.min3637.js]
[mychart.orlandohealth.com/MyChart/context/webserversettings11dc]
[mychart.orlandohealth.com/MyChart/mnemonics861b]
[mychart.orlandohealth.com/MyChart/rulestring/stringsa516]
[mychart.orlandohealth.com/MyChart/passwordreset805a.html]
[mychart.orlandohealth.com/MyChart/localization/formatse323]
[mychart.orlandohealth.com/MyChart/scripts/wp.fdiutils.mind742.js]
[mychart.orlandohealth.com/MyChart/context/webserversettings42b7]
[mychart.orlandohealth.com/MyChart/mnemonics294d]
[mychart.orlandohealth.com/MyChart/rulestring/strings3c9b]
[mychart.orlandohealth.com/MyChart/passwordreset8c7a.html]
[mychart.orlandohealth.com/MyChart/localization/formats86da]
[mychart.orlandohealth.com/MyChart/scripts/wp.fdiutils.min66a8.js]
[mychart.orlandohealth.com/MyChart/context/webserversettingsd580]
[mychart.orlandohealth.com/MyChart/mnemonics7c5a]
[mychart.orlandohealth.com/MyChart/rulestring/strings777b]
[mychart.orlandohealth.com/MyChart/passwordresetf6a8.html]
[mychart.orlandohealth.com/MyChart/localization/formats017a]
[mychart.orlandohealth.com/MyChart/scripts/wp.fdiutils.minbce1.js]
[mychart.orlandohealth.com/MyChart/context/webserversettingse433]
[mychart.orlandohealth.com/MyChart/mnemonics4589]
[mychart.orlandohealth.com/MyChart/rulestring/stringsc503]
[mychart.orlandohealth.com/MyChart/passwordreset381d.html]
[mychart.orlandohealth.com/MyChart/localization/formats6a6d]
[mychart.orlandohealth.com/MyChart/scripts/wp.fdiutils.min1742.js]
[mychart.orlandohealth.com/MyChart/context/webserversettings5c62]
[mychart.orlandohealth.com/MyChart/mnemonics6d96]
[mychart.orlandohealth.com/MyChart/rulestring/strings7ba3]
[mychart.orlandohealth.com/MyChart/passwordreset906f.html]
[mychart.orlandohealth.com/MyChart/localization/formats20c2]
[mychart.orlandohealth.com/MyChart/scripts/wp.fdiutils.min9206.js]
[mychart.orlandohealth.com/MyChart/context/webserversettings20e6]
[mychart.orlandohealth.com/MyChart/mnemonicsd817]
[mychart.orlandohealth.com/MyChart/rulestring/strings7284]
[mychart.orlandohealth.com/MyChart/passwordreset5e95.html]
[mychart.orlandohealth.com/MyChart/localization/formats026c]
[mychart.orlandohealth.com/MyChart/scripts/wp.fdiutils.min12f0.js]
[mychart.orlandohealth.com/MyChart/context/webserversettings4efb]
[mychart.orlandohealth.com/MyChart/mnemonics314d]
[mychart.orlandohealth.com/MyChart/rulestring/strings8116]
[mychart.orlandohealth.com/MyChart/passwordreseta515.html]
[mychart.orlandohealth.com/MyChart/localization/formats8f03]
[mychart.orlandohealth.com/MyChart/scripts/wp.fdiutils.min9ccd.js]
[mychart.orlandohealth.com/MyChart/context/webserversettingse22d]
[mychart.orlandohealth.com/MyChart/mnemonics70dc]
[mychart.orlandohealth.com/MyChart/rulestring/strings611e]
[mychart.orlandohealth.com/MyChart/passwordreseta294.html]
[mychart.orlandohealth.com/MyChart/localization/formats4317]
[mychart.orlandohealth.com/MyChart/scripts/wp.fdiutils.min9774.js]
[mychart.orlandohealth.com/MyChart/context/webserversettings408e]
[mychart.orlandohealth.com/MyChart/mnemonicsd3f6]
[mychart.orlandohealth.com/MyChart/rulestring/stringsabb5]
[mychart.orlandohealth.com/MyChart/passwordreset3152.html]
[mychart.orlandohealth.com/MyChart/localization/formats81f6]
[mychart.orlandohealth.com/MyChart/scripts/wp.fdiutils.mine082.js]
[mychart.orlandohealth.com/MyChart/context/webserversettings84e6]
[mychart.orlandohealth.com/MyChart/mnemonics9e9d]
[mychart.orlandohealth.com/MyChart/rulestring/stringsc173]
[mychart.orlandohealth.com/MyChart/passwordreset472b.html]
[mychart.orlandohealth.com/MyChart/localization/formats6d52]
[mychart.orlandohealth.com/MyChart/scripts/wp.fdiutils.min4114.js]
[mychart.orlandohealth.com/MyChart/context/webserversettings4d0b]
[mychart.orlandohealth.com/MyChart/mnemonicsfe10]
[mychart.orlandohealth.com/MyChart/rulestring/strings1feb]
[mychart.orlandohealth.com/MyChart/passwordreset5458.html]
[mychart.orlandohealth.com/MyChart/localization/formats007a]
[mychart.orlandohealth.com/MyChart/scripts/wp.fdiutils.mine480.js]
[mychart.orlandohealth.com/MyChart/context/webserversettingsc4ed]
[mychart.orlandohealth.com/MyChart/mnemonics940a]
[mychart.orlandohealth.com/MyChart/rulestring/strings9f44]
[mychart.orlandohealth.com/MyChart/passwordreset4686.html]
[mychart.orlandohealth.com/MyChart/localization/formats8caf]
[mychart.orlandohealth.com/MyChart/scripts/wp.fdiutils.minbf80.js]
[mychart.orlandohealth.com/MyChart/context/webserversettingsf75a]
[mychart.orlandohealth.com/MyChart/mnemonics0379]
[mychart.orlandohealth.com/MyChart/rulestring/strings20e8]
[mychart.orlandohealth.com/MyChart/passwordreset1408.html]
[mychart.orlandohealth.com/MyChart/localization/formatsc513]
[mychart.orlandohealth.com/MyChart/scripts/wp.fdiutils.min8e34.js]
[mychart.orlandohealth.com/MyChart/context/webserversettingsa118]
[mychart.orlandohealth.com/MyChart/mnemonicsa0e9]
[mychart.orlandohealth.com/MyChart/rulestring/strings7e45]
[mychart.orlandohealth.com/MyChart/passwordreset9760.html]
[mychart.orlandohealth.com/MyChart/localization/formats1a42]
[mychart.orlandohealth.com/MyChart/scripts/wp.fdiutils.mind581.js]
[mychart.orlandohealth.com/MyChart/context/webserversettingsaeb4]
[mychart.orlandohealth.com/MyChart/mnemonics197a]
[mychart.orlandohealth.com/MyChart/rulestring/stringse206]
[mychart.orlandohealth.com/MyChart/passwordresetcf75.html]
[mychart.orlandohealth.com/MyChart/localization/formatscc84]
[mychart.orlandohealth.com/MyChart/scripts/wp.fdiutils.min96b4.js]
[mychart.orlandohealth.com/MyChart/context/webserversettings91f4]
[mychart.orlandohealth.com/MyChart/mnemonicsd05d]
[mychart.orlandohealth.com/MyChart/rulestring/stringsc3f1]
[mychart.orlandohealth.com/MyChart/passwordreset7087.html]
[mychart.orlandohealth.com/MyChart/localization/formatse4e0]
[mychart.orlandohealth.com/MyChart/scripts/wp.fdiutils.min29ff.js]
[mychart.orlandohealth.com/MyChart/context/webserversettings6a97]
[mychart.orlandohealth.com/MyChart/mnemonics429d]
[mychart.orlandohealth.com/MyChart/rulestring/stringsca57]
[mychart.orlandohealth.com/MyChart/passwordresetf01a.html]
[mychart.orlandohealth.com/MyChart/localization/formats5d66]
[mychart.orlandohealth.com/MyChart/scripts/wp.fdiutils.min67f7.js]
[mychart.orlandohealth.com/MyChart/context/webserversettings0393]
[mychart.orlandohealth.com/MyChart/mnemonics69b8]
[mychart.orlandohealth.com/MyChart/rulestring/strings6457]
[mychart.orlandohealth.com/MyChart/passwordreset1745.html]
[mychart.orlandohealth.com/MyChart/localization/formats5742]
[mychart.orlandohealth.com/MyChart/scripts/wp.fdiutils.mine6d5.js]
[mychart.orlandohealth.com/MyChart/context/webserversettingsbc9f]
[mychart.orlandohealth.com/MyChart/mnemonics42d9]
[mychart.orlandohealth.com/MyChart/rulestring/stringsd14b]
[mychart.orlandohealth.com/MyChart/passwordresetd646.html]
[mychart.orlandohealth.com/MyChart/localization/formats77f1]
[mychart.orlandohealth.com/MyChart/scripts/wp.fdiutils.mind720.js]
[mychart.orlandohealth.com/MyChart/context/webserversettingsf99e]
[mychart.orlandohealth.com/MyChart/mnemonicsdf1c]
[mychart.orlandohealth.com/MyChart/rulestring/stringsc105]
[mychart.orlandohealth.com/MyChart/passwordreset08d8.html]
[mychart.orlandohealth.com/MyChart/localization/formats1658]
[mychart.orlandohealth.com/MyChart/scripts/wp.fdiutils.min122a.js]
[mychart.orlandohealth.com/MyChart/context/webserversettings6a2d]
[mychart.orlandohealth.com/MyChart/mnemonicsbf24]
[mychart.orlandohealth.com/MyChart/rulestring/stringsf238]
[mychart.orlandohealth.com/MyChart/passwordreset7ecb.html]
[mychart.orlandohealth.com/MyChart/localization/formatsa12a]
[mychart.orlandohealth.com/MyChart/scripts/wp.fdiutils.min1754.js]
[mychart.orlandohealth.com/MyChart/context/webserversettingsf63e]
[mychart.orlandohealth.com/MyChart/mnemonics61b9]
[mychart.orlandohealth.com/MyChart/rulestring/strings0634]
[mychart.orlandohealth.com/MyChart/passwordresetac4e.html]
[mychart.orlandohealth.com/MyChart/localization/formats95d8]
[mychart.orlandohealth.com/MyChart/scripts/wp.fdiutils.min9ed4.js]
[mychart.orlandohealth.com/MyChart/context/webserversettingsb6f1]
[mychart.orlandohealth.com/MyChart/mnemonics7a7e]
[mychart.orlandohealth.com/MyChart/rulestring/stringsdd58]
[mychart.orlandohealth.com/MyChart/passwordreset3152-2.html]
[mychart.orlandohealth.com/MyChart/localization/formats69ed]
[mychart.orlandohealth.com/MyChart/scripts/wp.fdiutils.min3113.js]
[mychart.orlandohealth.com/MyChart/context/webserversettingsed73]
[mychart.orlandohealth.com/MyChart/mnemonics7e5b]
[mychart.orlandohealth.com/MyChart/rulestring/stringsc111]
[mychart.orlandohealth.com/MyChart/passwordreset8cdf.html]
[mychart.orlandohealth.com/MyChart/localization/formats9032]
[mychart.orlandohealth.com/MyChart/scripts/wp.fdiutils.min910c.js]
[mychart.orlandohealth.com/MyChart/context/webserversettingsee39]
[mychart.orlandohealth.com/MyChart/mnemonics21f8]
[mychart.orlandohealth.com/MyChart/rulestring/strings25df]
[mychart.orlandohealth.com/MyChart/passwordresetfe78.html]
[mychart.orlandohealth.com/MyChart/localization/formats6f4b]
[mychart.orlandohealth.com/MyChart/scripts/wp.fdiutils.min34ef.js]
[mychart.orlandohealth.com/MyChart/context/webserversettings1adf]
[mychart.orlandohealth.com/MyChart/mnemonics50d4]
[mychart.orlandohealth.com/MyChart/rulestring/strings2a47]
[mychart.orlandohealth.com/MyChart/passwordreset2bca.html]
[mychart.orlandohealth.com/MyChart/localization/formatsb9e7]
[mychart.orlandohealth.com/MyChart/scripts/wp.fdiutils.min62b4.js]
[mychart.orlandohealth.com/MyChart/context/webserversettings8457]
[mychart.orlandohealth.com/MyChart/mnemonicsce01]
[mychart.orlandohealth.com/MyChart/rulestring/strings191f]
[mychart.orlandohealth.com/MyChart/passwordreset12ff.html]
[mychart.orlandohealth.com/MyChart/localization/formatse003]
[mychart.orlandohealth.com/MyChart/scripts/wp.fdiutils.min8eb0.js]
[mychart.orlandohealth.com/MyChart/context/webserversettings05cb]
[mychart.orlandohealth.com/MyChart/mnemonics0cd1]
[mychart.orlandohealth.com/MyChart/rulestring/strings503d]
[mychart.orlandohealth.com/MyChart/passwordreset39fc.html]
[mychart.orlandohealth.com/MyChart/localization/formatsa733]
[mychart.orlandohealth.com/MyChart/scripts/wp.fdiutils.min8fcd.js]
[mychart.orlandohealth.com/MyChart/context/webserversettingsf78f]
[mychart.orlandohealth.com/MyChart/mnemonics3b14]
[mychart.orlandohealth.com/MyChart/rulestring/strings4677]
[mychart.orlandohealth.com/MyChart/passwordresetdac3.html]
[mychart.orlandohealth.com/MyChart/localization/formatsd3cb]
[mychart.orlandohealth.com/MyChart/scripts/wp.fdiutils.min43d8.js]
[mychart.orlandohealth.com/MyChart/context/webserversettings07b6]
[mychart.orlandohealth.com/MyChart/mnemonicsd5de]
[mychart.orlandohealth.com/MyChart/rulestring/strings7491]
[mychart.orlandohealth.com/MyChart/passwordreset108d.html]
[mychart.orlandohealth.com/MyChart/localization/formatsfbb5]
[mychart.orlandohealth.com/MyChart/scripts/wp.fdiutils.minc6bc.js]
[mychart.orlandohealth.com/MyChart/context/webserversettings580b]
[mychart.orlandohealth.com/MyChart/mnemonics47cd]
[mychart.orlandohealth.com/MyChart/rulestring/stringsa170]
[mychart.orlandohealth.com/MyChart/passwordreset3b57.html]
[mychart.orlandohealth.com/MyChart/localization/formatscf03]
[mychart.orlandohealth.com/MyChart/scripts/wp.fdiutils.min6feb.js]
[mychart.orlandohealth.com/MyChart/context/webserversettings6dac]
[mychart.orlandohealth.com/MyChart/mnemonics9300]
[mychart.orlandohealth.com/MyChart/rulestring/strings6f63]
[mychart.orlandohealth.com/MyChart/passwordresetd4c6.html]
[mychart.orlandohealth.com/MyChart/localization/formats3079]
[mychart.orlandohealth.com/MyChart/scripts/wp.fdiutils.min0ea8.js]
[mychart.orlandohealth.com/MyChart/context/webserversettingsb173]
[mychart.orlandohealth.com/MyChart/mnemonicsd234]
[mychart.orlandohealth.com/MyChart/rulestring/stringsdf68]
[mychart.orlandohealth.com/MyChart/passwordreset17bb.html]
[mychart.orlandohealth.com/MyChart/localization/formats3825]
[mychart.orlandohealth.com/MyChart/scripts/wp.fdiutils.min7771.js]
[mychart.orlandohealth.com/MyChart/context/webserversettings0c0e]
[mychart.orlandohealth.com/MyChart/mnemonics1c15]
[mychart.orlandohealth.com/MyChart/rulestring/stringsf29d]
[mychart.orlandohealth.com/MyChart/passwordreset718c.html]
[mychart.orlandohealth.com/MyChart/localization/formats1a6d]
[mychart.orlandohealth.com/MyChart/scripts/wp.fdiutils.min288c.js]
[mychart.orlandohealth.com/MyChart/context/webserversettingse099]
[mychart.orlandohealth.com/MyChart/mnemonics274a]
[mychart.orlandohealth.com/MyChart/rulestring/stringsa67e]
[mychart.orlandohealth.com/MyChart/passwordreset56d5.html]
[mychart.orlandohealth.com/MyChart/localization/formats70eb]
[mychart.orlandohealth.com/MyChart/scripts/wp.fdiutils.minecfc.js]
[mychart.orlandohealth.com/MyChart/context/webserversettingse134]
[mychart.orlandohealth.com/MyChart/mnemonics6893]
[mychart.orlandohealth.com/MyChart/rulestring/stringscf56]
[mychart.orlandohealth.com/MyChart/passwordresetb50b.html]
[mychart.orlandohealth.com/MyChart/localization/formats7dee]
[mychart.orlandohealth.com/MyChart/scripts/wp.fdiutils.min3007.js]
[mychart.orlandohealth.com/MyChart/context/webserversettings0733]
[mychart.orlandohealth.com/MyChart/mnemonics8f41]
[mychart.orlandohealth.com/MyChart/rulestring/stringsedbc]
[mychart.orlandohealth.com/MyChart/passwordreset1d33.html]
[mychart.orlandohealth.com/MyChart/localization/formatsc79d]
[mychart.orlandohealth.com/MyChart/scripts/wp.fdiutils.minadf3.js]
[mychart.orlandohealth.com/MyChart/context/webserversettings54ba]
[mychart.orlandohealth.com/MyChart/mnemonicsb68f]
[mychart.orlandohealth.com/MyChart/rulestring/strings0d1e]
[mychart.orlandohealth.com/MyChart/passwordreset700e.html]
[mychart.orlandohealth.com/MyChart/localization/formats9df8]
[mychart.orlandohealth.com/MyChart/scripts/wp.fdiutils.min3214.js]
[mychart.orlandohealth.com/MyChart/context/webserversettings2184]
[mychart.orlandohealth.com/MyChart/mnemonicsbfba]
[mychart.orlandohealth.com/MyChart/rulestring/strings4297]
[mychart.orlandohealth.com/MyChart/passwordresete00e.html]
[mychart.orlandohealth.com/MyChart/localization/formats37bd]
[mychart.orlandohealth.com/MyChart/scripts/wp.fdiutils.min8add.js]
[mychart.orlandohealth.com/MyChart/context/webserversettings7b26]
[mychart.orlandohealth.com/MyChart/mnemonics9ac1]
[mychart.orlandohealth.com/MyChart/rulestring/stringsf2cb]
[mychart.orlandohealth.com/MyChart/passwordreset0d7a.html]
[mychart.orlandohealth.com/MyChart/localization/formatsa863]
[mychart.orlandohealth.com/MyChart/scripts/wp.fdiutils.min2fb0.js]
[mychart.orlandohealth.com/MyChart/context/webserversettings0100]
[mychart.orlandohealth.com/MyChart/mnemonics0942]
[mychart.orlandohealth.com/MyChart/rulestring/strings573c]
[mychart.orlandohealth.com/MyChart/passwordreset8f97.html]
[mychart.orlandohealth.com/MyChart/localization/formats2ff7]
[mychart.orlandohealth.com/MyChart/scripts/wp.fdiutils.min7a4c.js]
[mychart.orlandohealth.com/MyChart/context/webserversettingsb76e]
[mychart.orlandohealth.com/MyChart/mnemonicsaab5]
[mychart.orlandohealth.com/MyChart/rulestring/stringsdf5e]
[mychart.orlandohealth.com/MyChart/passwordreseta454.html]
[mychart.orlandohealth.com/MyChart/localization/formats3f33]
[mychart.orlandohealth.com/MyChart/scripts/wp.fdiutils.min9174.js]
[mychart.orlandohealth.com/MyChart/context/webserversettings4895]
[mychart.orlandohealth.com/MyChart/mnemonics2043]
[mychart.orlandohealth.com/MyChart/rulestring/strings0c3b]
[mychart.orlandohealth.com/MyChart/passwordresetecc9.html]
[mychart.orlandohealth.com/MyChart/localization/formats1484]
[mychart.orlandohealth.com/MyChart/scripts/wp.fdiutils.min3eaf.js]
[mychart.orlandohealth.com/MyChart/context/webserversettingseeb7]
[mychart.orlandohealth.com/MyChart/mnemonics27f6]
[mychart.orlandohealth.com/MyChart/rulestring/strings87c0]
[mychart.orlandohealth.com/MyChart/passwordresetb006.html]
[mychart.orlandohealth.com/MyChart/localization/formatsb1de]
[mychart.orlandohealth.com/MyChart/scripts/wp.fdiutils.min2b68.js]
[mychart.orlandohealth.com/MyChart/context/webserversettings1079]
[mychart.orlandohealth.com/MyChart/mnemonics40c3]
[mychart.orlandohealth.com/MyChart/rulestring/strings68c1]
[mychart.orlandohealth.com/MyChart/passwordreset60ed.html]
[mychart.orlandohealth.com/MyChart/localization/formatseb71]
[mychart.orlandohealth.com/MyChart/scripts/wp.fdiutils.mina847.js]
[mychart.orlandohealth.com/MyChart/context/webserversettings2272]
[mychart.orlandohealth.com/MyChart/mnemonics2393]
[mychart.orlandohealth.com/MyChart/rulestring/strings958f]
[mychart.orlandohealth.com/MyChart/passwordreset59b2.html]
[mychart.orlandohealth.com/MyChart/localization/formatsfa48]
[mychart.orlandohealth.com/MyChart/scripts/wp.fdiutils.min76e3.js]
[mychart.orlandohealth.com/MyChart/context/webserversettingsc1f2]
[mychart.orlandohealth.com/MyChart/mnemonicsd581]
[mychart.orlandohealth.com/MyChart/rulestring/strings1fa2]
[mychart.orlandohealth.com/MyChart/passwordresetb6b6.html]
[mychart.orlandohealth.com/MyChart/localization/formats51e0]
[mychart.orlandohealth.com/MyChart/scripts/wp.fdiutils.mind468.js]
[mychart.orlandohealth.com/MyChart/context/webserversettings425c]
[mychart.orlandohealth.com/MyChart/mnemonics578b]
[mychart.orlandohealth.com/MyChart/rulestring/stringsb170]
[mychart.orlandohealth.com/MyChart/passwordresete143.html]
[mychart.orlandohealth.com/MyChart/localization/formatsab17]
[mychart.orlandohealth.com/MyChart/scripts/wp.fdiutils.minc246.js]
[mychart.orlandohealth.com/MyChart/context/webserversettingsfc71]
[mychart.orlandohealth.com/MyChart/mnemonics48f3]
[mychart.orlandohealth.com/MyChart/rulestring/stringsa573]
[mychart.orlandohealth.com/MyChart/passwordreset8da3.html]
[mychart.orlandohealth.com/MyChart/localization/formatsc598]
[mychart.orlandohealth.com/MyChart/scripts/wp.fdiutils.min080c.js]
[mychart.orlandohealth.com/MyChart/context/webserversettingsed19]
[mychart.orlandohealth.com/MyChart/mnemonics5b37]
[mychart.orlandohealth.com/MyChart/rulestring/stringsba5b]
[mychart.orlandohealth.com/MyChart/passwordresetd53b.html]
[mychart.orlandohealth.com/MyChart/localization/formats0eda]
[mychart.orlandohealth.com/MyChart/scripts/wp.fdiutils.min0a1f.js]
[mychart.orlandohealth.com/MyChart/context/webserversettingsd3f6]
[mychart.orlandohealth.com/MyChart/mnemonics55b6]
[mychart.orlandohealth.com/MyChart/rulestring/strings79e2]
[mychart.orlandohealth.com/MyChart/passwordresete653.html]
