[backblue.gif]
[fade.gif]
[index.html]
[mychart.orlandohealth.com/MyChart/en-US/images/MyChart_city.png]
[mychart.orlandohealth.com/MyChart/favicon.ico]
[mychart.orlandohealth.com/MyChart/en-us/styles/commonebaf.css]
[mychart.orlandohealth.com/MyChart/en-us/styles/preloginebaf.css]
[mychart.orlandohealth.com/MyChart/en-us/styles/menuebaf.css]
[mychart.orlandohealth.com/MyChart/en-us/styles/componentebaf.css]
[mychart.orlandohealth.com/MyChart/en-us/styles/colorsebaf.css]
[mychart.orlandohealth.com/MyChart/en-us/styles/themeseee5.css]
[mychart.orlandohealth.com/MyChart/en-us/styles/calendarsebaf.css]
[mychart.orlandohealth.com/MyChart/en-us/styles/mobile_responsivesiteebaf.css]
[mychart.orlandohealth.com/MyChart/en-us/styles/goo-grid/goo-grideee5.css]
[mychart.orlandohealth.com/MyChart/en-us/styles/mobile_gridadapterebaf.css]
[mychart.orlandohealth.com/MyChart/en-us/styles/printeee5.css]
[mychart.orlandohealth.com/MyChart/en-US/images/warning.png]
[mychart.orlandohealth.com/MyChart/scripts/external/jquery-2.2.2.mine101.js]
[mychart.orlandohealth.com/MyChart/scripts/utilities/jqwrappers.min90dc.js]
[mychart.orlandohealth.com/MyChart/scripts/utilities/jqueryextensions.min90dc.js]
[mychart.orlandohealth.com/MyChart/scripts/external/handlebars.runtime.min8a21.js]
[mychart.orlandohealth.com/MyChart/bundles/core-1-pre82b3]
[mychart.orlandohealth.com/MyChart/localization/formats89c0]
[mychart.orlandohealth.com/MyChart/context/webserversettings49b4]
[mychart.orlandohealth.com/MyChart/bundles/core-2-en-USfa91]
[mychart.orlandohealth.com/MyChart/mnemonics49b4]
[mychart.orlandohealth.com/MyChart/bundles/core-3-en-US35a1]
[mychart.orlandohealth.com/MyChart/bundles/core-5-en-USb01c]
[mychart.orlandohealth.com/MyChart/areas/authentication/scripts/controllers/loginpagecontroller.min826e.js]
[mychart.orlandohealth.com/MyChart/Authentication/Login2d77.html]
[mychart.orlandohealth.com/MyChart/nojs.html]
[mychart.orlandohealth.com/MyChart/fonts/sourcesanspro-semibold-webfont.eot]
[mychart.orlandohealth.com/MyChart/fonts/sourcesanspro-semibold-webfont.woff2]
[mychart.orlandohealth.com/MyChart/fonts/sourcesanspro-semibold-webfont.woff]
[mychart.orlandohealth.com/MyChart/fonts/sourcesanspro-semibold-webfont.ttf]
[mychart.orlandohealth.com/MyChart/fonts/sourcesanspro-semiboldit-webfont.eot]
[mychart.orlandohealth.com/MyChart/fonts/sourcesanspro-semiboldit-webfont.woff2]
[mychart.orlandohealth.com/MyChart/fonts/sourcesanspro-semiboldit-webfont.woff]
[mychart.orlandohealth.com/MyChart/fonts/sourcesanspro-semiboldit-webfont.ttf]
[mychart.orlandohealth.com/MyChart/fonts/sourcesanspro-it-webfont.eot]
[mychart.orlandohealth.com/MyChart/fonts/sourcesanspro-it-webfont.woff2]
[mychart.orlandohealth.com/MyChart/fonts/sourcesanspro-it-webfont.woff]
[mychart.orlandohealth.com/MyChart/fonts/sourcesanspro-it-webfont.ttf]
[mychart.orlandohealth.com/MyChart/fonts/sourcesanspro-regular-webfont.eot]
[mychart.orlandohealth.com/MyChart/fonts/sourcesanspro-regular-webfont.woff2]
[mychart.orlandohealth.com/MyChart/fonts/sourcesanspro-regular-webfont.woff]
[mychart.orlandohealth.com/MyChart/fonts/sourcesanspro-regular-webfont.ttf]
[mychart.orlandohealth.com/MyChart/en-us/images/required_asterisk.png]
[mychart.orlandohealth.com/MyChart/en-us/images/item_restore.png]
[mychart.orlandohealth.com/MyChart/en-us/images/eraser.png]
[mychart.orlandohealth.com/MyChart/en-us/images/my1chartlogo.png]
[mychart.orlandohealth.com/MyChart/en-us/images/CareEverywhere-With-Arrow.png]
[mychart.orlandohealth.com/MyChart/en-us/images/ProxySilhouette.png]
[mychart.orlandohealth.com/MyChart/en-us/images/up_chevron.png]
[mychart.orlandohealth.com/MyChart/en-us/styles/commonebaf.css]
[mychart.orlandohealth.com/MyChart/en-us/images/prelogin.jpg]
[mychart.orlandohealth.com/MyChart/en-us/images/prelogin_blurred.jpg]
[mychart.orlandohealth.com/MyChart/en-us/images/loginlogo.png]
[mychart.orlandohealth.com/MyChart/en-us/images/quicklinks/medical_advice.png]
[mychart.orlandohealth.com/MyChart/en-us/images/quicklinks/test_results.png]
[mychart.orlandohealth.com/MyChart/en-us/images/quicklinks/medications.png]
[mychart.orlandohealth.com/MyChart/en-us/images/quicklinks/appointments.png]
[mychart.orlandohealth.com/MyChart/en-us/styles/preloginebaf.css]
[mychart.orlandohealth.com/MyChart/en-us/images/logo.png]
[mychart.orlandohealth.com/MyChart/en-us/images/menus/health.png]
[mychart.orlandohealth.com/MyChart/en-us/images/menus/visits.png]
[mychart.orlandohealth.com/MyChart/en-us/images/menus/messages.png]
[mychart.orlandohealth.com/MyChart/en-us/images/menus/billing.png]
[mychart.orlandohealth.com/MyChart/en-us/images/menus/resources.png]
[mychart.orlandohealth.com/MyChart/en-us/images/menus/profile.png]
[mychart.orlandohealth.com/MyChart/en-us/styles/menuebaf.css]
[mychart.orlandohealth.com/MyChart/en-us/images/background_blurred.jpg]
[mychart.orlandohealth.com/MyChart/en-us/images/notification.png]
[mychart.orlandohealth.com/MyChart/en-us/images/video_visit.png]
[mychart.orlandohealth.com/MyChart/en-us/images/logo_careeverywhere.png]
[mychart.orlandohealth.com/MyChart/en-us/images/devices.png]
[mychart.orlandohealth.com/MyChart/en-us/images/mobile_tile.png]
[mychart.orlandohealth.com/MyChart/en-us/images/loadingIndicators/externalloading_layer1.png]
[mychart.orlandohealth.com/MyChart/en-us/images/loadingIndicators/externalloading_layer2.png]
[mychart.orlandohealth.com/MyChart/en-us/images/loadingIndicators/externalloading_layer3.png]
[mychart.orlandohealth.com/MyChart/en-us/images/loadingIndicators/externalloading_layer4.png]
[mychart.orlandohealth.com/MyChart/en-us/images/loadingIndicators/loadingHeartBackground.png]
[mychart.orlandohealth.com/MyChart/en-us/images/loadingIndicators/loadingHeartPulse.png]
[mychart.orlandohealth.com/MyChart/en-us/images/yield_yellow.png]
[mychart.orlandohealth.com/MyChart/en-us/styles/componentebaf.css]
[mychart.orlandohealth.com/MyChart/en-us/styles/colorsebaf.css]
[mychart.orlandohealth.com/MyChart/en-us/styles/themeseee5.css]
[mychart.orlandohealth.com/MyChart/en-us/styles/externalcolorsebaf.css]
[mychart.orlandohealth.com/MyChart/en-us/styles/calendarsebaf.css]
[mychart.orlandohealth.com/MyChart/en-us/styles/highcontrastebaf.css]
[mychart.orlandohealth.com/MyChart/en-us/styles/mobile_responsivesiteebaf.css]
[mychart.orlandohealth.com/MyChart/en-us/styles/goo-grid/goo-grideee5.css]
[mychart.orlandohealth.com/MyChart/en-us/styles/mobile_gridadapterebaf.css]
[mychart.orlandohealth.com/MyChart/en-us/styles/overrideebaf.css]
[mychart.orlandohealth.com/MyChart/en-us/styles/printeee5.css]
[mychart.orlandohealth.com/MyChart/scripts/core/core.min90dc.js]
[mychart.orlandohealth.com/MyChart/scripts/utilities/utilities.minb6e6.js]
[mychart.orlandohealth.com/MyChart/byeff86.html]
[mychart.orlandohealth.com/MyChart/en-us/scripts/commonutils.min9b44.js]
[mychart.orlandohealth.com/MyChart/index.html]
[mychart.orlandohealth.com/MyChart/en-us/styles/mobile_responsivemenuebaf.css]
[mychart.orlandohealth.com/MyChart/localization/formatsdaf1]
[mychart.orlandohealth.com/MyChart/context/webserversettingsf869]
[mychart.orlandohealth.com/MyChart/mnemonicsf869]
[mychart.orlandohealth.com/MyChart/Help/Cookies.html]
[mychart.orlandohealth.com/MyChart/es-US/images/MyChart_city.png]
[mychart.orlandohealth.com/MyChart/es-us/styles/commoneee5.css]
[mychart.orlandohealth.com/MyChart/es-us/styles/prelogina09d.css]
[mychart.orlandohealth.com/MyChart/es-us/styles/componenteee5.css]
[mychart.orlandohealth.com/MyChart/es-us/styles/colorseee5.css]
[mychart.orlandohealth.com/MyChart/es-us/styles/themesa09d.css]
[mychart.orlandohealth.com/MyChart/es-us/styles/calendarseee5.css]
[mychart.orlandohealth.com/MyChart/es-us/styles/highcontrasteee5.css]
[mychart.orlandohealth.com/MyChart/es-us/styles/mobile_responsivesiteeee5.css]
[mychart.orlandohealth.com/MyChart/es-us/styles/goo-grid/goo-grida09d.css]
[mychart.orlandohealth.com/MyChart/es-us/styles/mobile_gridadaptereee5.css]
[mychart.orlandohealth.com/MyChart/es-us/styles/printa09d.css]
[mychart.orlandohealth.com/MyChart/es-US/images/warning.png]
[mychart.orlandohealth.com/MyChart/localization/formats9428]
[mychart.orlandohealth.com/MyChart/context/webserversettingsb0b2]
[mychart.orlandohealth.com/MyChart/bundles/core-2-es-US6c23]
[mychart.orlandohealth.com/MyChart/mnemonicsb0b2]
[mychart.orlandohealth.com/MyChart/bundles/core-3-es-USec53]
[mychart.orlandohealth.com/MyChart/bundles/core-5-es-US6c55]
[mychart.orlandohealth.com/MyChart/Authentication/Logina64f.html]
[mychart.orlandohealth.com/MyChart/scripts/ui_framework/core/common.minb6e6.js]
[mychart.orlandohealth.com/MyChart/scripts/helpers/svg/loadsvgiconhelpers.mind095.js]
[mychart.orlandohealth.com/MyChart/scripts/ui_framework/core/prelogin.minafe9.js]
[mychart.orlandohealth.com/MyChart/scripts/core/debug.min35bf.js]
[mychart.orlandohealth.com/MyChart/scripts/core/i18n.min03f3.js]
[mychart.orlandohealth.com/MyChart/localization/formats5fb5]
[mychart.orlandohealth.com/MyChart/scripts/wp.fdiutils.min18c0.js]
[mychart.orlandohealth.com/MyChart/scripts/core/pagestartup.min9c40.js]
[mychart.orlandohealth.com/MyChart/scripts/core/prelogin.minc329.js]
[mychart.orlandohealth.com/MyChart/scripts/utilities/communityutilities.minb6e6.js]
[mychart.orlandohealth.com/MyChart/scripts/utilities/simpletemplates.min1a20.js]
[mychart.orlandohealth.com/MyChart/scripts/core/strings.min3350.js]
[mychart.orlandohealth.com/MyChart/context/webserversettings69ed]
[mychart.orlandohealth.com/MyChart/es-us/scripts/commonutils.min08bb.js]
[mychart.orlandohealth.com/MyChart/mnemonics7382]
[mychart.orlandohealth.com/MyChart/scripts/ui_framework/core/formvalidation.minaff2.js]
[mychart.orlandohealth.com/MyChart/es-us/scripts/intkeepalive.min08bb.js]
[mychart.orlandohealth.com/MyChart/es-us/scripts/wp.events.min08bb.js]
[mychart.orlandohealth.com/MyChart/es-us/scripts/dateformat.min08bb.js]
[mychart.orlandohealth.com/MyChart/es-us/scripts/wp.comm.min08bb.js]
[mychart.orlandohealth.com/MyChart/es-us/scripts/wp.utils.min08bb.js]
[mychart.orlandohealth.com/MyChart/es-us/scripts/wp.telehealthutils.min08bb.js]
[mychart.orlandohealth.com/MyChart/es-us/scripts/mychartjsstrings.min970c.js]
[mychart.orlandohealth.com/MyChart/rulestring/strings0721]
[mychart.orlandohealth.com/MyChart/es-us/scripts/wp.dom.min08bb.js]
[mychart.orlandohealth.com/MyChart/es-us/scripts/wp.controls.min08bb.js]
[mychart.orlandohealth.com/MyChart/es-us/scripts/wp.controls.menu.min08bb.js]
[mychart.orlandohealth.com/MyChart/es-us/scripts/effects.min08bb.js]
[mychart.orlandohealth.com/MyChart/es-us/scripts/wp.strings.min08bb.js]
[mychart.orlandohealth.com/MyChart/scripts/utilities/handlebarshelpers.minb6e6.js]
[mychart.orlandohealth.com/MyChart/scripts/utilities/behaviors.min2152.js]
[mychart.orlandohealth.com/MyChart/templates/loggingout.tmpl.min90dc.js]
[mychart.orlandohealth.com/MyChart/templates/buttonbar.tmpl.min92a0.js]
[mychart.orlandohealth.com/MyChart/templates/overlay.tmpl.min90dc.js]
[mychart.orlandohealth.com/MyChart/templates/loading.tmpl.min850a.js]
[mychart.orlandohealth.com/MyChart/templates/externaljump.tmpl.min850a.js]
[mychart.orlandohealth.com/MyChart/templates/scrollbarwidth.tmpl.min90dc.js]
[mychart.orlandohealth.com/MyChart/templates/externalorganizationdetails.tmpl.min53b4.js]
[mychart.orlandohealth.com/MyChart/templates/externalorganizationicon.tmpl.min53b4.js]
[mychart.orlandohealth.com/MyChart/templates/externalloadingindicator.tmpl.mindfd5.js]
[mychart.orlandohealth.com/MyChart/templates/ui/ajaxspinner.tmpl.min3289.js]
[mychart.orlandohealth.com/MyChart/templates/ui/zerostate.tmpl.mine880.js]
[mychart.orlandohealth.com/MyChart/scripts/controllers/controller.min90dc.js]
[mychart.orlandohealth.com/MyChart/scripts/components/component.min2152.js]
[mychart.orlandohealth.com/MyChart/templates/infoprelogin.tmpl.min4f69.js]
[mychart.orlandohealth.com/MyChart/scripts/components/viewcomponent.min90dc.js]
[mychart.orlandohealth.com/MyChart/scripts/components/vb6component.min0708.js]
[mychart.orlandohealth.com/MyChart/scripts/components/templatecomponent.min90dc.js]
[mychart.orlandohealth.com/MyChart/scripts/components/inlineloadingcomponent.min90dc.js]
[mychart.orlandohealth.com/MyChart/scripts/components/inlineloadingwithsourcescomponent.min299d.js]
[mychart.orlandohealth.com/MyChart/scripts/components/externaljumppopupcomponent.minb6e6.js]
[mychart.orlandohealth.com/MyChart/scripts/components/confirmcomponent.min90dc.js]
[mychart.orlandohealth.com/MyChart/scripts/containers/containercomponent.min90dc.js]
[mychart.orlandohealth.com/MyChart/scripts/containers/positions.mind095.js]
[mychart.orlandohealth.com/MyChart/scripts/containers/popup.min352e.js]
[mychart.orlandohealth.com/MyChart/scripts/containers/panel.min90dc.js]
[mychart.orlandohealth.com/MyChart/templates/calendar.tmpl.minc74b.js]
[mychart.orlandohealth.com/MyChart/scripts/components/calendar.min2152.js]
[mychart.orlandohealth.com/MyChart/scripts/containers/multimonthcalendar.minc74b.js]
[mychart.orlandohealth.com/MyChart/es-us/scripts/calendars.min08bb.js]
[mychart.orlandohealth.com/MyChart/es-us/scripts/wp.validators.min08bb.js]
[mychart.orlandohealth.com/MyChart/scripts/containers/htmltemplatecontainer.minc808.js]
[mychart.orlandohealth.com/MyChart/scripts/components/safetoredirectcomponent.min4769.js]
[mychart.orlandohealth.com/MyChart/scripts/components/timeoutwarningcomponent.min1ee4.js]
[mychart.orlandohealth.com/MyChart/scripts/components/loggingoutcomponent.min90dc.js]
[mychart.orlandohealth.com/MyChart/scripts/components/messagecomponent.min90dc.js]
[mychart.orlandohealth.com/MyChart/areas/analytics/scripts/models/viewevent.mince8f.js]
[mychart.orlandohealth.com/MyChart/areas/analytics/scripts/controllers/usagetrackingcontroller.min955f.js]
[mychart.orlandohealth.com/MyChart/scripts/controllers/ui/localeswitchercontroller.min44cd.js]
[mychart.orlandohealth.com/MyChart/es-us/scripts/signup_login.min08bb.js]
[mychart.orlandohealth.com/MyChart/scripts/utilities/makevbpageresponsive.min90dc.js]
[mychart.orlandohealth.com/MyChart/es-US/Images/warning-2.png]
[mychart.orlandohealth.com/MyChart/en-US/images/badge_apple.png]
[mychart.orlandohealth.com/MyChart/en-US/images/badge_android.png]
[mychart.orlandohealth.com/MyChart/recoverlogin.html]
[mychart.orlandohealth.com/MyChart/localization/formatsbf0f]
[mychart.orlandohealth.com/MyChart/scripts/wp.fdiutils.minf6f4.js]
[mychart.orlandohealth.com/MyChart/context/webserversettings8d3d]
[mychart.orlandohealth.com/MyChart/mnemonics5eae]
[mychart.orlandohealth.com/MyChart/rulestring/strings1ac8]
[mychart.orlandohealth.com/MyChart/passwordreseta5f8.html]
[mychart.orlandohealth.com/MyChart/localization/formats25b8]
[mychart.orlandohealth.com/MyChart/scripts/wp.fdiutils.minfed4.js]
[mychart.orlandohealth.com/MyChart/context/webserversettings9f69]
[mychart.orlandohealth.com/MyChart/mnemonics2f53]
[mychart.orlandohealth.com/MyChart/rulestring/strings4c6c]
[mychart.orlandohealth.com/MyChart/accesscheck.html]
[mychart.orlandohealth.com/MyChart/templates/ui/subway.tmpl6046.js]
[mychart.orlandohealth.com/MyChart/templates/ui/subwaystop.tmpl2deb.js]
[mychart.orlandohealth.com/MyChart/templates/ui/subwayline.tmpl2deb.js]
[mychart.orlandohealth.com/MyChart/areas/billpay/templates/guestpay/guestpayfirststep.tmpldd84.js]
[mychart.orlandohealth.com/MyChart/areas/billpay/templates/guestpay/guestpaysigninprompt.tmpl8a21.js]
[mychart.orlandohealth.com/MyChart/areas/billpay/templates/guestpay/guestpaysignupprompt.tmpl8a21.js]
[mychart.orlandohealth.com/MyChart/areas/billpay/templates/guestpay/guestpayaccountlookup.tmpl26cf.js]
[mychart.orlandohealth.com/MyChart/areas/billpay/templates/guestpay/choosebillingsystem.tmpl0344.js]
[mychart.orlandohealth.com/MyChart/areas/payments/templates/paymentmethodentrystep.tmpl8584.js]
[mychart.orlandohealth.com/MyChart/areas/payments/templates/shared/storedpaymentmethodssection.tmpl7b37.js]
[mychart.orlandohealth.com/MyChart/areas/payments/templates/shared/editstoredpaymentmethodssection.tmpl92a0.js]
[mychart.orlandohealth.com/MyChart/areas/payments/templates/shared/externalpayment.tmpl8584.js]
[mychart.orlandohealth.com/MyChart/areas/payments/templates/shared/newpaymentmethodforms.tmpl7b37.js]
[mychart.orlandohealth.com/MyChart/areas/payments/templates/shared/creditcardformfields.tmpld480.js]
[mychart.orlandohealth.com/MyChart/areas/payments/templates/shared/bankaccountformfields.tmpl931e.js]
[mychart.orlandohealth.com/MyChart/areas/payments/templates/shared/editnicknamepopup.tmpl92a0.js]
[mychart.orlandohealth.com/MyChart/areas/payments/templates/shared/_paymentsteploading.tmpl8584.js]
[mychart.orlandohealth.com/MyChart/areas/billpay/templates/guestpay/guestpayverifystep.tmpl8584.js]
[mychart.orlandohealth.com/MyChart/areas/billpay/templates/shared/verifysingleaccountpayment.tmpl4d90.js]
[mychart.orlandohealth.com/MyChart/areas/billpay/templates/shared/verifypaymentmethod.tmplc34a.js]
[mychart.orlandohealth.com/MyChart/areas/billpay/templates/shared/verifycreditcardextrainfo.tmplc34a.js]
[mychart.orlandohealth.com/MyChart/areas/billpay/templates/shared/verifybankaccountextrainfo.tmplc34a.js]
[mychart.orlandohealth.com/MyChart/areas/billing/templates/paymentamount/selector.tmpl6eb3.js]
[mychart.orlandohealth.com/MyChart/scripts/common/viewbinder.min1ec9.js]
[mychart.orlandohealth.com/MyChart/scripts/common/selectableviewbinder.mind4ee.js]
[mychart.orlandohealth.com/MyChart/scripts/common/expandablelistviewbinder.min90dc.js]
[mychart.orlandohealth.com/MyChart/scripts/models/ui/subwaystop.min2deb.js]
[mychart.orlandohealth.com/MyChart/areas/payments/scripts/models/paymentdetails.min90dc.js]
[mychart.orlandohealth.com/MyChart/areas/payments/scripts/models/paymentpostingdata.min4410.js]
[mychart.orlandohealth.com/MyChart/areas/payments/scripts/models/paymentmethod.min90dc.js]
[mychart.orlandohealth.com/MyChart/areas/payments/scripts/models/paymentdatapool.min90dc.js]
[mychart.orlandohealth.com/MyChart/scripts/controllers/ui/subwayworkflowcontroller.min30f1.js]
[mychart.orlandohealth.com/MyChart/scripts/controllers/ui/subwaystopcontroller.min90dc.js]
[mychart.orlandohealth.com/MyChart/areas/billpay/scripts/controllers/guestpayworkflowcontroller.min8584.js]
[mychart.orlandohealth.com/MyChart/areas/billpay/scripts/controllers/guestpayfirststepcontroller.min44cd.js]
[mychart.orlandohealth.com/MyChart/areas/payments/scripts/controllers/paymentmethodentrystepcontroller.min3f26.js]
[mychart.orlandohealth.com/MyChart/areas/billpay/scripts/controllers/guestpayverifystepcontroller.min90dc.js]
[mychart.orlandohealth.com/MyChart/areas/billing/scripts/controllers/paymentamountcontroller.min6eb3.js]
[mychart.orlandohealth.com/MyChart/areas/payments/scripts/editnicknamepopup.min90dc.js]
[mychart.orlandohealth.com/MyChart/areas/payments/scripts/helpers/billinghelpers.minbf84.js]
[mychart.orlandohealth.com/MyChart/areas/payments/scripts/helpers/paymentformvalidationhelpers.min90dc.js]
[mychart.orlandohealth.com/MyChart/areas/payments/scripts/helpers/paymentdatapoolhelpers.min3f26.js]
[mychart.orlandohealth.com/MyChart/areas/payments/scripts/helpers/paymentmethodentryhelpers.min3f26.js]
[mychart.orlandohealth.com/MyChart/areas/payments/scripts/models/creditcardbrand.min90dc.js]
[mychart.orlandohealth.com/MyChart/scripts/ui_framework/support/cards.min90dc.js]
[mychart.orlandohealth.com/MyChart/templates/ui/captcha.tmplf3f0.js]
[mychart.orlandohealth.com/MyChart/scripts/models/captcha/googlerecaptchav2.min826e.js]
[www.google.com/recaptcha/apiaa86.js]
[mychart.orlandohealth.com/MyChart/scripts/common/hoverviewbinder.mine2fa.js]
[mychart.orlandohealth.com/MyChart/scripts/models/ui/infobubble.min154a.js]
[mychart.orlandohealth.com/MyChart/templates/ui/infobubble.tmpl97d0.js]
[mychart.orlandohealth.com/MyChart/Billing/GuestPay/PayasGuest.html]
[mychart.orlandohealth.com/MyChart/Authentication/Logina21a.html]
[mychart.orlandohealth.com/MyChart/en-US/favicon.html]
[mychart.orlandohealth.com/MyChart/Help/JavaScript.html]
[mychart.orlandohealth.com/MyChart/fonts/sourcesanspro-semibold-webfont.svg]
[mychart.orlandohealth.com/MyChart/fonts/sourcesanspro-semiboldit-webfont.svg]
[mychart.orlandohealth.com/MyChart/fonts/sourcesanspro-it-webfont.svg]
[mychart.orlandohealth.com/MyChart/fonts/sourcesanspro-regular-webfont.svg]
[mychart.orlandohealth.com/MyChart/en-us/images/checkmark_large.svg]
[mychart.orlandohealth.com/MyChart/en-us/images/up_chevron_blue.svg]
[mychart.orlandohealth.com/MyChart/en-us/images/down_chevron_blue.svg]
[mychart.orlandohealth.com/MyChart/en-us/images/circle_check_icon.svg]
[mychart.orlandohealth.com/MyChart/en-us/images/information_outline_icon.svg]
[mychart.orlandohealth.com/MyChart/en-us/images/information_gray_icon.svg]
[mychart.orlandohealth.com/MyChart/en-us/images/circle_error_icon.svg]
[mychart.orlandohealth.com/MyChart/en-us/images/widget_open_blue.svg]
[mychart.orlandohealth.com/MyChart/en-us/images/data_loading_error.svg]
[mychart.orlandohealth.com/MyChart/en-us/images/external_org_link.html]
[mychart.orlandohealth.com/MyChart/Authentication/Logind41d.html]
[mychart.orlandohealth.com/MyChart/en-us/styles/mobile_responsivemenuebaf.css]
[mychart.orlandohealth.com/MyChart/es-us/images/required_asterisk.png]
[mychart.orlandohealth.com/MyChart/es-us/images/item_restore.png]
[mychart.orlandohealth.com/MyChart/es-us/images/eraser.png]
[mychart.orlandohealth.com/MyChart/es-us/images/my1chartlogo.png]
[mychart.orlandohealth.com/MyChart/es-us/images/CareEverywhere-With-Arrow.png]
[mychart.orlandohealth.com/MyChart/es-us/images/ProxySilhouette.png]
[mychart.orlandohealth.com/MyChart/es-us/images/up_chevron.png]
[mychart.orlandohealth.com/MyChart/es-us/styles/commoneee5.css]
[mychart.orlandohealth.com/MyChart/es-us/images/prelogin.jpg]
[mychart.orlandohealth.com/MyChart/es-us/images/prelogin_blurred.jpg]
[mychart.orlandohealth.com/MyChart/es-us/images/loginlogo.png]
[mychart.orlandohealth.com/MyChart/es-us/images/quicklinks/medical_advice.png]
[mychart.orlandohealth.com/MyChart/es-us/images/quicklinks/test_results.png]
[mychart.orlandohealth.com/MyChart/es-us/images/quicklinks/medications.png]
[mychart.orlandohealth.com/MyChart/es-us/images/quicklinks/appointments.png]
[mychart.orlandohealth.com/MyChart/es-us/styles/prelogina09d.css]
[mychart.orlandohealth.com/MyChart/es-us/images/logo.png]
[mychart.orlandohealth.com/MyChart/es-us/images/menus/health.png]
[mychart.orlandohealth.com/MyChart/es-us/images/menus/visits.png]
[mychart.orlandohealth.com/MyChart/es-us/images/menus/messages.png]
[mychart.orlandohealth.com/MyChart/es-us/images/menus/billing.png]
[mychart.orlandohealth.com/MyChart/es-us/images/menus/resources.png]
[mychart.orlandohealth.com/MyChart/es-us/images/menus/profile.png]
[mychart.orlandohealth.com/MyChart/es-us/styles/menueee5.css]
[mychart.orlandohealth.com/MyChart/es-us/images/background_blurred.jpg]
[mychart.orlandohealth.com/MyChart/es-us/images/notification.png]
[mychart.orlandohealth.com/MyChart/es-us/images/video_visit.png]
[mychart.orlandohealth.com/MyChart/es-us/images/logo_careeverywhere.png]
[mychart.orlandohealth.com/MyChart/es-us/images/devices.png]
[mychart.orlandohealth.com/MyChart/es-us/images/mobile_tile.png]
[mychart.orlandohealth.com/MyChart/es-us/images/loadingIndicators/externalloading_layer1.png]
[mychart.orlandohealth.com/MyChart/es-us/images/loadingIndicators/externalloading_layer2.png]
[mychart.orlandohealth.com/MyChart/es-us/images/loadingIndicators/externalloading_layer3.png]
[mychart.orlandohealth.com/MyChart/es-us/images/loadingIndicators/externalloading_layer4.png]
[mychart.orlandohealth.com/MyChart/es-us/images/loadingIndicators/loadingHeartBackground.png]
[mychart.orlandohealth.com/MyChart/es-us/images/loadingIndicators/loadingHeartPulse.png]
[mychart.orlandohealth.com/MyChart/es-us/images/yield_yellow.png]
[mychart.orlandohealth.com/MyChart/es-us/styles/componenteee5.css]
[mychart.orlandohealth.com/MyChart/es-us/styles/colorseee5.css]
[mychart.orlandohealth.com/MyChart/es-us/styles/themesa09d.css]
[mychart.orlandohealth.com/MyChart/es-us/styles/externalcolorseee5.css]
[mychart.orlandohealth.com/MyChart/es-us/styles/calendarseee5.css]
[mychart.orlandohealth.com/MyChart/es-us/styles/highcontrasteee5.css]
[mychart.orlandohealth.com/MyChart/es-us/styles/mobile_responsivesiteeee5.css]
[mychart.orlandohealth.com/MyChart/es-us/styles/goo-grid/goo-grida09d.css]
[mychart.orlandohealth.com/MyChart/es-us/styles/mobile_gridadaptereee5.css]
[mychart.orlandohealth.com/MyChart/es-us/styles/overridea09d.css]
[mychart.orlandohealth.com/MyChart/es-us/styles/printa09d.css]
[mychart.orlandohealth.com/MyChart/localization/formats2a49]
[mychart.orlandohealth.com/MyChart/context/webserversettings68f5]
[mychart.orlandohealth.com/MyChart/mnemonics68f5]
[mychart.orlandohealth.com/MyChart/Authentication/Login4603.html]
[mychart.orlandohealth.com/MyChart/es-us/images/authentication/email_toggled_green.png]
[mychart.orlandohealth.com/MyChart/es-us/images/authentication/text_toggled_green.png]
[mychart.orlandohealth.com/MyChart/es-us/styles/authenticationeee5.css]
[mychart.orlandohealth.com/MyChart/localization/formatsb067]
[mychart.orlandohealth.com/MyChart/scripts/wp.fdiutils.min6159.js]
[mychart.orlandohealth.com/MyChart/context/webserversettingsea1d]
[mychart.orlandohealth.com/MyChart/mnemonicsbd04]
[mychart.orlandohealth.com/MyChart/en-us/scripts/intkeepalive.min9b44.js]
[mychart.orlandohealth.com/MyChart/en-us/scripts/wp.events.min9b44.js]
[mychart.orlandohealth.com/MyChart/en-us/scripts/dateformat.min9b44.js]
[mychart.orlandohealth.com/MyChart/en-us/scripts/wp.comm.min9b44.js]
[mychart.orlandohealth.com/MyChart/en-us/scripts/wp.utils.min9b44.js]
[mychart.orlandohealth.com/MyChart/en-us/scripts/wp.telehealthutils.min9b44.js]
[mychart.orlandohealth.com/MyChart/en-us/scripts/mychartjsstrings.min0ef2.js]
[mychart.orlandohealth.com/MyChart/rulestring/strings1c2b]
[mychart.orlandohealth.com/MyChart/en-us/scripts/wp.dom.min9b44.js]
[mychart.orlandohealth.com/MyChart/en-us/scripts/wp.controls.min9b44.js]
[mychart.orlandohealth.com/MyChart/en-us/scripts/wp.controls.menu.min9b44.js]
[mychart.orlandohealth.com/MyChart/en-us/scripts/effects.min9b44.js]
[mychart.orlandohealth.com/MyChart/en-us/scripts/wp.strings.min9b44.js]
[mychart.orlandohealth.com/MyChart/en-us/scripts/calendars.minff54.js]
[mychart.orlandohealth.com/MyChart/en-us/scripts/wp.validators.min9b44.js]
[mychart.orlandohealth.com/MyChart/en-us/scripts/signup_login.min9b44.js]
[mychart.orlandohealth.com/MyChart/en-us/styles/authenticationebaf.css]
[mychart.orlandohealth.com/MyChart/en-US/Images/warning-2.png]
[mychart.orlandohealth.com/MyChart/recoverlogin1d29.html]
[mychart.orlandohealth.com/MyChart/en-us/styles/cardsebaf.css]
[mychart.orlandohealth.com/MyChart/en-us/styles/tableseee5.css]
[mychart.orlandohealth.com/MyChart/Content/images/thirdparty_hdrexperian.png]
[mychart.orlandohealth.com/MyChart/areas/internationalization/scripts/shared/addressformcomponent.min6adf.js]
[mychart.orlandohealth.com/MyChart/areas/demographics/scripts/shared/demographicsformcomponent.minefbc.js]
[mychart.orlandohealth.com/MyChart/areas/thirdpartyverification/templates/shared/thirdpartyquestionform.tmplf3f0.js]
[mychart.orlandohealth.com/MyChart/areas/demographics/templates/baseaddress.tmpl4d90.js]
[mychart.orlandohealth.com/MyChart/areas/signup/templates/signuppopup.tmplab9a.js]
[mychart.orlandohealth.com/MyChart/areas/demographics/scripts/controllers/addresscontroller.mine90b.js]
[mychart.orlandohealth.com/MyChart/areas/thirdpartyverification/scripts/shared/thirdpartyverificationcomponent.minc329.js]
[mychart.orlandohealth.com/MyChart/areas/signup/scripts/shared/signupdemographicsformcomponent.minefbc.js]
[mychart.orlandohealth.com/MyChart/areas/signup/scripts/standalone/signupcontroller.mine870.js]
[mychart.orlandohealth.com/MyChart/areas/signup/scripts/shared/signuppopupcomponent.minab9a.js]
[www.google.com/recaptcha/api8a74.js]
[mychart.orlandohealth.com/MyChart/Signup.html]
[mychart.orlandohealth.com/MyChart/Authentication/Login8869.html]
[mychart.orlandohealth.com/MyChart/Authentication/Login66b2.html]
[mychart.orlandohealth.com/MyChart/Authentication/Login4080.html]
[mychart.orlandohealth.com/MyChart/localization/formats762b]
[mychart.orlandohealth.com/MyChart/scripts/wp.fdiutils.min5748.js]
[mychart.orlandohealth.com/MyChart/context/webserversettings3e3f]
[mychart.orlandohealth.com/MyChart/mnemonics8d37]
[mychart.orlandohealth.com/MyChart/rulestring/stringsd7d1]
[mychart.orlandohealth.com/MyChart/passwordreset356c.html]
[mychart.orlandohealth.com/MyChart/localization/formatsb7e6]
[mychart.orlandohealth.com/MyChart/scripts/wp.fdiutils.mincf21.js]
[mychart.orlandohealth.com/MyChart/context/webserversettings4904]
[mychart.orlandohealth.com/MyChart/mnemonics76e1]
[mychart.orlandohealth.com/MyChart/rulestring/strings36c5]
[mychart.orlandohealth.com/MyChart/accesscheck1d29.html]
[mychart.orlandohealth.com/MyChart/es-us/styles/billingeee5.css]
[mychart.orlandohealth.com/MyChart/es-us/styles/externalpaymenteee5.css]
[mychart.orlandohealth.com/MyChart/es-us/styles/paymenta09d.css]
[mychart.orlandohealth.com/MyChart/es-us/images/info.png]
[mychart.orlandohealth.com/MyChart/es-us/styles/cardseee5.css]
[mychart.orlandohealth.com/MyChart/Billing/GuestPay/PayasGuest1d29.html]
[mychart.orlandohealth.com/MyChart/Authentication/Login5f7f.html]
[mychart.orlandohealth.com/MyChart/es-us/styles/mobile_responsivemenueee5.css]
[mychart.orlandohealth.com/MyChart/Authentication/Login1d29.html]
[mychart.orlandohealth.com/MyChart/es-us/images/checkmark_large.svg]
[mychart.orlandohealth.com/MyChart/es-us/images/up_chevron_blue.svg]
[mychart.orlandohealth.com/MyChart/es-us/images/down_chevron_blue.svg]
[mychart.orlandohealth.com/MyChart/es-us/images/circle_check_icon.svg]
[mychart.orlandohealth.com/MyChart/es-us/images/information_outline_icon.svg]
[mychart.orlandohealth.com/MyChart/es-us/images/information_gray_icon.svg]
[mychart.orlandohealth.com/MyChart/es-us/images/circle_error_icon.svg]
[mychart.orlandohealth.com/MyChart/es-us/images/widget_open_blue.svg]
[mychart.orlandohealth.com/MyChart/es-us/images/data_loading_error.svg]
[mychart.orlandohealth.com/MyChart/es-us/images/external_org_link.html]
[mychart.orlandohealth.com/MyChart/es-us/images/authentication/email_toggled_blue.svg]
[mychart.orlandohealth.com/MyChart/es-us/images/authentication/text_toggled_blue.svg]
[mychart.orlandohealth.com/MyChart/en-us/images/authentication/email_toggled_green.png]
[mychart.orlandohealth.com/MyChart/en-us/images/authentication/text_toggled_green.png]
[mychart.orlandohealth.com/MyChart/en-us/styles/authenticationebaf.css]
[mychart.orlandohealth.com/MyChart/localization/formatsad1b]
[mychart.orlandohealth.com/MyChart/scripts/wp.fdiutils.mine596.js]
[mychart.orlandohealth.com/MyChart/context/webserversettingsc2f6]
[mychart.orlandohealth.com/MyChart/mnemonics8981]
[mychart.orlandohealth.com/MyChart/rulestring/strings1b95]
[mychart.orlandohealth.com/MyChart/recoverlogind896.html]
[mychart.orlandohealth.com/MyChart/Content/images/signup_mailcode.png]
[mychart.orlandohealth.com/MyChart/Content/images/signup_QandA.png]
[mychart.orlandohealth.com/MyChart/Content/images/thirdparty_bgquestion.png]
[mychart.orlandohealth.com/MyChart/Content/images/thirdparty_bganswers.png]
[mychart.orlandohealth.com/MyChart/Content/images/thirdparty_btnnext.png]
[mychart.orlandohealth.com/MyChart/Content/images/spinner_barbershop.gif]
[mychart.orlandohealth.com/MyChart/Content/images/confirm_mail.png]
[mychart.orlandohealth.com/MyChart/Content/SignupArea.css]
[mychart.orlandohealth.com/MyChart/en-us/images/info.png]
[mychart.orlandohealth.com/MyChart/en-us/styles/cardsebaf.css]
[mychart.orlandohealth.com/MyChart/en-us/styles/tableseee5.css]
[mychart.orlandohealth.com/MyChart/en-us/styles/baseaddressebaf.css]
[mychart.orlandohealth.com/MyChart/en-us/images/sidearrows.png]
[mychart.orlandohealth.com/MyChart/en-us/styles/subwayeee5.css]
[mychart.orlandohealth.com/MyChart/localization/formats2f93]
[mychart.orlandohealth.com/MyChart/Signupd896.html]
[mychart.orlandohealth.com/MyChart/Authentication/Logince6a.html]
[mychart.orlandohealth.com/MyChart/Authentication/Login1a54.html]
[mychart.orlandohealth.com/MyChart/Authentication/Login83fc.html]
[mychart.orlandohealth.com/MyChart/localization/formatse632]
[mychart.orlandohealth.com/MyChart/scripts/wp.fdiutils.mind7e5.js]
[mychart.orlandohealth.com/MyChart/context/webserversettings2b0f]
[mychart.orlandohealth.com/MyChart/mnemonicsc6b7]
[mychart.orlandohealth.com/MyChart/rulestring/strings6658]
[mychart.orlandohealth.com/MyChart/passwordreset092b.html]
[mychart.orlandohealth.com/MyChart/localization/formats6d2a]
[mychart.orlandohealth.com/MyChart/scripts/wp.fdiutils.minde3a.js]
[mychart.orlandohealth.com/MyChart/context/webserversettingsa61a]
[mychart.orlandohealth.com/MyChart/mnemonics46b1]
[mychart.orlandohealth.com/MyChart/rulestring/stringsadfc]
[mychart.orlandohealth.com/MyChart/accesscheckd896.html]
[mychart.orlandohealth.com/MyChart/es-us/images/billing/account_details/statement_unread.svg]
[mychart.orlandohealth.com/MyChart/es-us/images/billing/account_details/statement_read.svg]
[mychart.orlandohealth.com/MyChart/es-us/images/payplanauto_normal.svg]
[mychart.orlandohealth.com/MyChart/es-us/images/success.svg]
[mychart.orlandohealth.com/MyChart/en-us/styles/billingebaf.css]
[mychart.orlandohealth.com/MyChart/en-us/styles/externalpaymentebaf.css]
[mychart.orlandohealth.com/MyChart/en-us/styles/paymentebaf.css]
[mychart.orlandohealth.com/MyChart/Billing/GuestPay/PayasGuestd896.html]
[mychart.orlandohealth.com/MyChart/Authentication/Login651f.html]
[mychart.orlandohealth.com/MyChart/Authentication/Logind896.html]
[mychart.orlandohealth.com/MyChart/en-us/images/authentication/email_toggled_blue.svg]
[mychart.orlandohealth.com/MyChart/en-us/images/authentication/text_toggled_blue.svg]
[mychart.orlandohealth.com/MyChart/en-us/images/success.svg]
[mychart.orlandohealth.com/MyChart/es-us/styles/tablesa09d.css]
[mychart.orlandohealth.com/MyChart/es-us/styles/baseaddresseee5.css]
[mychart.orlandohealth.com/MyChart/es-us/images/sidearrows.png]
[mychart.orlandohealth.com/MyChart/es-us/styles/subwaya09d.css]
[mychart.orlandohealth.com/MyChart/localization/formats8974]
[mychart.orlandohealth.com/MyChart/context/webserversettings5240]
[mychart.orlandohealth.com/MyChart/mnemonics5240]
[mychart.orlandohealth.com/MyChart/Signup1d29.html]
[mychart.orlandohealth.com/MyChart/Authentication/Loginf72b.html]
[mychart.orlandohealth.com/MyChart/Authentication/Loginaba6.html]
[mychart.orlandohealth.com/MyChart/Authentication/Login10b0.html]
[mychart.orlandohealth.com/MyChart/localization/formatsceea]
[mychart.orlandohealth.com/MyChart/scripts/wp.fdiutils.min6c0f.js]
[mychart.orlandohealth.com/MyChart/context/webserversettingsfba3]
[mychart.orlandohealth.com/MyChart/mnemonics5d78]
[mychart.orlandohealth.com/MyChart/rulestring/strings135c]
[mychart.orlandohealth.com/MyChart/passwordreset17e2.html]
[mychart.orlandohealth.com/MyChart/en-us/images/billing/account_details/statement_unread.svg]
[mychart.orlandohealth.com/MyChart/en-us/images/billing/account_details/statement_read.svg]
[mychart.orlandohealth.com/MyChart/en-us/images/payplanauto_normal.svg]
[mychart.orlandohealth.com/MyChart/localization/formats2f09]
[mychart.orlandohealth.com/MyChart/scripts/wp.fdiutils.minc08e.js]
[mychart.orlandohealth.com/MyChart/context/webserversettings4421]
[mychart.orlandohealth.com/MyChart/mnemonics1f7a]
[mychart.orlandohealth.com/MyChart/rulestring/strings7722]
[mychart.orlandohealth.com/MyChart/passwordresetd494.html]
[mychart.orlandohealth.com/MyChart/localization/formats70db]
[mychart.orlandohealth.com/MyChart/scripts/wp.fdiutils.min6d9f.js]
[mychart.orlandohealth.com/MyChart/context/webserversettings934c]
[mychart.orlandohealth.com/MyChart/mnemonics1566]
[mychart.orlandohealth.com/MyChart/rulestring/strings187b]
[mychart.orlandohealth.com/MyChart/passwordresetab34.html]
[mychart.orlandohealth.com/MyChart/localization/formats28b2]
[mychart.orlandohealth.com/MyChart/scripts/wp.fdiutils.min11b5.js]
[mychart.orlandohealth.com/MyChart/context/webserversettingsad37]
[mychart.orlandohealth.com/MyChart/mnemonics90a6]
[mychart.orlandohealth.com/MyChart/rulestring/strings9357]
[mychart.orlandohealth.com/MyChart/passwordreseta868.html]
[mychart.orlandohealth.com/MyChart/localization/formats4dfe]
[mychart.orlandohealth.com/MyChart/scripts/wp.fdiutils.min8211.js]
[mychart.orlandohealth.com/MyChart/context/webserversettings196c]
[mychart.orlandohealth.com/MyChart/mnemonics5b64]
[mychart.orlandohealth.com/MyChart/rulestring/stringscd32]
[mychart.orlandohealth.com/MyChart/passwordresete5b3.html]
[mychart.orlandohealth.com/MyChart/localization/formats5169]
[mychart.orlandohealth.com/MyChart/scripts/wp.fdiutils.min9401.js]
[mychart.orlandohealth.com/MyChart/context/webserversettingse57f]
[mychart.orlandohealth.com/MyChart/mnemonicsc2c1]
[mychart.orlandohealth.com/MyChart/rulestring/stringsefda]
[mychart.orlandohealth.com/MyChart/passwordreset995a.html]
[mychart.orlandohealth.com/MyChart/localization/formats40f5]
[mychart.orlandohealth.com/MyChart/scripts/wp.fdiutils.min5408.js]
[mychart.orlandohealth.com/MyChart/context/webserversettingsbcc1]
[mychart.orlandohealth.com/MyChart/mnemonics8646]
[mychart.orlandohealth.com/MyChart/rulestring/strings778b]
[mychart.orlandohealth.com/MyChart/passwordreset0a77.html]
[mychart.orlandohealth.com/MyChart/localization/formats4e34]
[mychart.orlandohealth.com/MyChart/scripts/wp.fdiutils.min8bcd.js]
[mychart.orlandohealth.com/MyChart/context/webserversettingse231]
[mychart.orlandohealth.com/MyChart/mnemonicsc491]
[mychart.orlandohealth.com/MyChart/rulestring/stringsc19d]
[mychart.orlandohealth.com/MyChart/passwordreset2536.html]
[mychart.orlandohealth.com/MyChart/localization/formats244e]
[mychart.orlandohealth.com/MyChart/scripts/wp.fdiutils.mincefc.js]
[mychart.orlandohealth.com/MyChart/context/webserversettings59d8]
[mychart.orlandohealth.com/MyChart/mnemonics3301]
[mychart.orlandohealth.com/MyChart/rulestring/strings8520]
[mychart.orlandohealth.com/MyChart/passwordresete325.html]
[mychart.orlandohealth.com/MyChart/localization/formatsed87]
[mychart.orlandohealth.com/MyChart/scripts/wp.fdiutils.min3136.js]
[mychart.orlandohealth.com/MyChart/context/webserversettings880e]
[mychart.orlandohealth.com/MyChart/mnemonics1527]
[mychart.orlandohealth.com/MyChart/rulestring/stringsed62]
[mychart.orlandohealth.com/MyChart/passwordreset79a2.html]
[mychart.orlandohealth.com/MyChart/localization/formatsf8e2]
[mychart.orlandohealth.com/MyChart/scripts/wp.fdiutils.minea0c.js]
[mychart.orlandohealth.com/MyChart/context/webserversettingscd26]
[mychart.orlandohealth.com/MyChart/mnemonics5feb]
[mychart.orlandohealth.com/MyChart/rulestring/strings71c5]
[mychart.orlandohealth.com/MyChart/passwordreset30bc.html]
[mychart.orlandohealth.com/MyChart/localization/formatsb887]
[mychart.orlandohealth.com/MyChart/scripts/wp.fdiutils.mine04a.js]
[mychart.orlandohealth.com/MyChart/context/webserversettings9cbd]
[mychart.orlandohealth.com/MyChart/mnemonicsbaf3]
[mychart.orlandohealth.com/MyChart/rulestring/stringsa69e]
[mychart.orlandohealth.com/MyChart/passwordresete52d.html]
[mychart.orlandohealth.com/MyChart/localization/formats56ea]
[mychart.orlandohealth.com/MyChart/scripts/wp.fdiutils.min2110.js]
[mychart.orlandohealth.com/MyChart/context/webserversettings07a3]
[mychart.orlandohealth.com/MyChart/mnemonics92d4]
[mychart.orlandohealth.com/MyChart/rulestring/stringsdd19]
[mychart.orlandohealth.com/MyChart/passwordreset517e.html]
[mychart.orlandohealth.com/MyChart/localization/formats84b1]
[mychart.orlandohealth.com/MyChart/scripts/wp.fdiutils.min8062.js]
[mychart.orlandohealth.com/MyChart/context/webserversettings2b8d]
[mychart.orlandohealth.com/MyChart/mnemonics06d8]
[mychart.orlandohealth.com/MyChart/rulestring/strings6e9e]
[mychart.orlandohealth.com/MyChart/passwordreset203f.html]
[mychart.orlandohealth.com/MyChart/localization/formatsed74]
[mychart.orlandohealth.com/MyChart/scripts/wp.fdiutils.min613d.js]
[mychart.orlandohealth.com/MyChart/context/webserversettingse4c6]
[mychart.orlandohealth.com/MyChart/mnemonics3ca5]
[mychart.orlandohealth.com/MyChart/rulestring/strings040e]
[mychart.orlandohealth.com/MyChart/passwordresetc328.html]
[mychart.orlandohealth.com/MyChart/localization/formatsc55d]
[mychart.orlandohealth.com/MyChart/scripts/wp.fdiutils.minfaef.js]
[mychart.orlandohealth.com/MyChart/context/webserversettings1519]
[mychart.orlandohealth.com/MyChart/mnemonicsc28e]
[mychart.orlandohealth.com/MyChart/rulestring/strings2053]
[mychart.orlandohealth.com/MyChart/passwordreset7a3f.html]
[mychart.orlandohealth.com/MyChart/localization/formatse56a]
[mychart.orlandohealth.com/MyChart/scripts/wp.fdiutils.min923e.js]
[mychart.orlandohealth.com/MyChart/context/webserversettings6985]
[mychart.orlandohealth.com/MyChart/mnemonics8784]
[mychart.orlandohealth.com/MyChart/rulestring/stringsb742]
[mychart.orlandohealth.com/MyChart/passwordreset770d.html]
[mychart.orlandohealth.com/MyChart/localization/formats77fb]
[mychart.orlandohealth.com/MyChart/scripts/wp.fdiutils.minf5fe.js]
[mychart.orlandohealth.com/MyChart/context/webserversettings2bc9]
[mychart.orlandohealth.com/MyChart/mnemonics406a]
[mychart.orlandohealth.com/MyChart/rulestring/strings4465]
[mychart.orlandohealth.com/MyChart/passwordresetc650.html]
[mychart.orlandohealth.com/MyChart/localization/formats2918]
[mychart.orlandohealth.com/MyChart/scripts/wp.fdiutils.min868d.js]
[mychart.orlandohealth.com/MyChart/context/webserversettings1165]
[mychart.orlandohealth.com/MyChart/mnemonics4631]
[mychart.orlandohealth.com/MyChart/rulestring/strings3184]
[mychart.orlandohealth.com/MyChart/passwordresetf14b.html]
[mychart.orlandohealth.com/MyChart/localization/formatsecf0]
[mychart.orlandohealth.com/MyChart/scripts/wp.fdiutils.minbdd7.js]
[mychart.orlandohealth.com/MyChart/context/webserversettings5585]
[mychart.orlandohealth.com/MyChart/mnemonicsbb2f]
[mychart.orlandohealth.com/MyChart/rulestring/strings0fe1]
[mychart.orlandohealth.com/MyChart/passwordresetd731.html]
[mychart.orlandohealth.com/MyChart/localization/formats91a4]
[mychart.orlandohealth.com/MyChart/scripts/wp.fdiutils.min692b.js]
[mychart.orlandohealth.com/MyChart/context/webserversettings1a47]
[mychart.orlandohealth.com/MyChart/mnemonicsfc9b]
[mychart.orlandohealth.com/MyChart/rulestring/strings027c]
[mychart.orlandohealth.com/MyChart/passwordreset3fd1.html]
[mychart.orlandohealth.com/MyChart/localization/formats75fe]
[mychart.orlandohealth.com/MyChart/scripts/wp.fdiutils.min7217.js]
[mychart.orlandohealth.com/MyChart/context/webserversettingsc9fd]
[mychart.orlandohealth.com/MyChart/mnemonicsd26a]
[mychart.orlandohealth.com/MyChart/rulestring/stringsf73a]
[mychart.orlandohealth.com/MyChart/passwordreset5079.html]
[mychart.orlandohealth.com/MyChart/localization/formatsc93f]
[mychart.orlandohealth.com/MyChart/scripts/wp.fdiutils.mine5dc.js]
[mychart.orlandohealth.com/MyChart/context/webserversettings4612]
[mychart.orlandohealth.com/MyChart/mnemonicsc39b]
[mychart.orlandohealth.com/MyChart/rulestring/strings5b2e]
[mychart.orlandohealth.com/MyChart/passwordresetc478.html]
[mychart.orlandohealth.com/MyChart/localization/formatsb83d]
[mychart.orlandohealth.com/MyChart/scripts/wp.fdiutils.minddfd.js]
[mychart.orlandohealth.com/MyChart/context/webserversettings9c91]
[mychart.orlandohealth.com/MyChart/mnemonicse517]
[mychart.orlandohealth.com/MyChart/rulestring/strings7b7b]
[mychart.orlandohealth.com/MyChart/passwordreset9a59.html]
[mychart.orlandohealth.com/MyChart/localization/formatsdc28]
[mychart.orlandohealth.com/MyChart/scripts/wp.fdiutils.min7fe0.js]
[mychart.orlandohealth.com/MyChart/context/webserversettingsc524]
[mychart.orlandohealth.com/MyChart/mnemonics21d9]
[mychart.orlandohealth.com/MyChart/rulestring/stringse0f4]
[mychart.orlandohealth.com/MyChart/passwordresetc352.html]
[mychart.orlandohealth.com/MyChart/localization/formats758e]
[mychart.orlandohealth.com/MyChart/scripts/wp.fdiutils.min026f.js]
[mychart.orlandohealth.com/MyChart/context/webserversettings815d]
[mychart.orlandohealth.com/MyChart/mnemonicsced9]
[mychart.orlandohealth.com/MyChart/rulestring/strings554c]
[mychart.orlandohealth.com/MyChart/passwordresetc992.html]
[mychart.orlandohealth.com/MyChart/localization/formats619c]
[mychart.orlandohealth.com/MyChart/scripts/wp.fdiutils.min4bd5.js]
[mychart.orlandohealth.com/MyChart/context/webserversettingsa5bc]
[mychart.orlandohealth.com/MyChart/mnemonics3a55]
[mychart.orlandohealth.com/MyChart/rulestring/strings04b7]
[mychart.orlandohealth.com/MyChart/passwordreset1a3e.html]
[mychart.orlandohealth.com/MyChart/localization/formats98df]
[mychart.orlandohealth.com/MyChart/scripts/wp.fdiutils.minc557.js]
[mychart.orlandohealth.com/MyChart/context/webserversettings1595]
[mychart.orlandohealth.com/MyChart/mnemonics65cb]
[mychart.orlandohealth.com/MyChart/rulestring/stringsa94b]
[mychart.orlandohealth.com/MyChart/passwordreset5a90.html]
[mychart.orlandohealth.com/MyChart/localization/formats5b82]
[mychart.orlandohealth.com/MyChart/scripts/wp.fdiutils.minf7da.js]
[mychart.orlandohealth.com/MyChart/context/webserversettings8456]
[mychart.orlandohealth.com/MyChart/mnemonicsf60c]
[mychart.orlandohealth.com/MyChart/rulestring/strings08b1]
[mychart.orlandohealth.com/MyChart/passwordresetf1b2.html]
[mychart.orlandohealth.com/MyChart/localization/formats8b0e]
[mychart.orlandohealth.com/MyChart/scripts/wp.fdiutils.min7300.js]
[mychart.orlandohealth.com/MyChart/context/webserversettings36a1]
[mychart.orlandohealth.com/MyChart/mnemonics4202]
[mychart.orlandohealth.com/MyChart/rulestring/strings3719]
[mychart.orlandohealth.com/MyChart/passwordreset7137.html]
[mychart.orlandohealth.com/MyChart/localization/formatsb4e0]
[mychart.orlandohealth.com/MyChart/scripts/wp.fdiutils.minbf86.js]
[mychart.orlandohealth.com/MyChart/context/webserversettings7cb0]
[mychart.orlandohealth.com/MyChart/mnemonicsab8c]
[mychart.orlandohealth.com/MyChart/rulestring/stringsd3de]
[mychart.orlandohealth.com/MyChart/passwordreseta2e4.html]
[mychart.orlandohealth.com/MyChart/localization/formats3a2f]
[mychart.orlandohealth.com/MyChart/scripts/wp.fdiutils.minfb89.js]
[mychart.orlandohealth.com/MyChart/context/webserversettings78a4]
[mychart.orlandohealth.com/MyChart/mnemonics177d]
[mychart.orlandohealth.com/MyChart/rulestring/stringsc68f]
[mychart.orlandohealth.com/MyChart/passwordresetb1c2.html]
[mychart.orlandohealth.com/MyChart/localization/formats5fa3]
[mychart.orlandohealth.com/MyChart/scripts/wp.fdiutils.min4f98.js]
[mychart.orlandohealth.com/MyChart/context/webserversettings30e5]
[mychart.orlandohealth.com/MyChart/mnemonicsb5b6]
[mychart.orlandohealth.com/MyChart/rulestring/strings363b]
[mychart.orlandohealth.com/MyChart/passwordreset334d.html]
[mychart.orlandohealth.com/MyChart/localization/formatsacff]
[mychart.orlandohealth.com/MyChart/scripts/wp.fdiutils.min1a8e.js]
[mychart.orlandohealth.com/MyChart/context/webserversettings3242]
[mychart.orlandohealth.com/MyChart/mnemonics98ad]
[mychart.orlandohealth.com/MyChart/rulestring/stringsbea0]
[mychart.orlandohealth.com/MyChart/passwordresete667.html]
[mychart.orlandohealth.com/MyChart/localization/formats1f5b]
[mychart.orlandohealth.com/MyChart/scripts/wp.fdiutils.min6dae.js]
[mychart.orlandohealth.com/MyChart/context/webserversettings8ce4]
[mychart.orlandohealth.com/MyChart/mnemonics0c53]
[mychart.orlandohealth.com/MyChart/rulestring/stringscd3a]
[mychart.orlandohealth.com/MyChart/passwordresetdde5.html]
[mychart.orlandohealth.com/MyChart/localization/formats0d72]
[mychart.orlandohealth.com/MyChart/scripts/wp.fdiutils.minf3ff.js]
[mychart.orlandohealth.com/MyChart/context/webserversettings93ad]
[mychart.orlandohealth.com/MyChart/mnemonicsebd4]
[mychart.orlandohealth.com/MyChart/rulestring/stringsc7ed]
[mychart.orlandohealth.com/MyChart/passwordreset15f6.html]
[mychart.orlandohealth.com/MyChart/localization/formatsa21f]
[mychart.orlandohealth.com/MyChart/scripts/wp.fdiutils.min6710.js]
[mychart.orlandohealth.com/MyChart/context/webserversettings20bf]
[mychart.orlandohealth.com/MyChart/mnemonics2cff]
[mychart.orlandohealth.com/MyChart/rulestring/stringsbee5]
[mychart.orlandohealth.com/MyChart/passwordreset467b.html]
[mychart.orlandohealth.com/MyChart/localization/formatsc68e]
[mychart.orlandohealth.com/MyChart/scripts/wp.fdiutils.minb0f8.js]
[mychart.orlandohealth.com/MyChart/context/webserversettingsf1c3]
[mychart.orlandohealth.com/MyChart/mnemonics2c87]
[mychart.orlandohealth.com/MyChart/rulestring/stringsdb50]
[mychart.orlandohealth.com/MyChart/passwordresetec9a.html]
[mychart.orlandohealth.com/MyChart/localization/formats1e6f]
[mychart.orlandohealth.com/MyChart/scripts/wp.fdiutils.mine18b.js]
[mychart.orlandohealth.com/MyChart/context/webserversettingsff12]
[mychart.orlandohealth.com/MyChart/mnemonics69f2]
[mychart.orlandohealth.com/MyChart/rulestring/stringsf324]
[mychart.orlandohealth.com/MyChart/passwordresete944.html]
[mychart.orlandohealth.com/MyChart/localization/formats6cdd]
[mychart.orlandohealth.com/MyChart/scripts/wp.fdiutils.mincc1c.js]
[mychart.orlandohealth.com/MyChart/passwordreset780d.html]
